Period: 0.7

sigma_vec =

    0.0500    0.0600    0.0700    0.0800    0.0900


output_root =

    '/home/users/s/savardg/scratch/matlab-swant/data-riehen/run6_dcV3_g200m/vg-maps-new'


station_file =

    '/home/users/s/savardg/riehen/noisepy-nodes/stations_nodes_sed_noisepy.csv'


ans =

    'Grid origin (SW corner) lat,long: ( 47.4813, 7.5296 )
     Grid extent: 21.33 km by 20.20 km'


ans =

    'Number of stations inside grid: 231 (7 removed).'


ans =

    'Number of picks/ray paths: 5500'


output_folder =

    '/home/users/s/savardg/scratch/matlab-swant/data-riehen/run6_dcV3_g200m/vg-maps-new/inv_TV_rayleigh_sigma0.05_LC0.2'


output_fname =

    '/home/users/s/savardg/scratch/matlab-swant/data-riehen/run6_dcV3_g200m/vg-maps-new/inv_TV_rayleigh_sigma0.05_LC0.2/inv_TV_rayleigh_sigma0.05_LC0.2_T0.7.mat'


output_fig =

    '/home/users/s/savardg/scratch/matlab-swant/data-riehen/run6_dcV3_g200m/vg-maps-new/inv_TV_rayleigh_sigma0.05_LC0.2/inv_TV_rayleigh_sigma0.05_LC0.2_T0.7.png'

Launching inversion with sigma = 5.00e-02 LC=2.00e-01
Elapsed time is 164.978574 seconds.
[Warning: MATLAB has disabled some advanced graphics rendering features by
switching to software OpenGL. For more information, click <a
href="matlab:opengl('problems')">here</a>.] 

output_folder =

    '/home/users/s/savardg/scratch/matlab-swant/data-riehen/run6_dcV3_g200m/vg-maps-new/inv_TV_rayleigh_sigma0.06_LC0.2'


output_fname =

    '/home/users/s/savardg/scratch/matlab-swant/data-riehen/run6_dcV3_g200m/vg-maps-new/inv_TV_rayleigh_sigma0.06_LC0.2/inv_TV_rayleigh_sigma0.06_LC0.2_T0.7.mat'


output_fig =

    '/home/users/s/savardg/scratch/matlab-swant/data-riehen/run6_dcV3_g200m/vg-maps-new/inv_TV_rayleigh_sigma0.06_LC0.2/inv_TV_rayleigh_sigma0.06_LC0.2_T0.7.png'

Launching inversion with sigma = 6.00e-02 LC=2.00e-01
Elapsed time is 162.835293 seconds.

output_folder =

    '/home/users/s/savardg/scratch/matlab-swant/data-riehen/run6_dcV3_g200m/vg-maps-new/inv_TV_rayleigh_sigma0.07_LC0.2'


output_fname =

    '/home/users/s/savardg/scratch/matlab-swant/data-riehen/run6_dcV3_g200m/vg-maps-new/inv_TV_rayleigh_sigma0.07_LC0.2/inv_TV_rayleigh_sigma0.07_LC0.2_T0.7.mat'


output_fig =

    '/home/users/s/savardg/scratch/matlab-swant/data-riehen/run6_dcV3_g200m/vg-maps-new/inv_TV_rayleigh_sigma0.07_LC0.2/inv_TV_rayleigh_sigma0.07_LC0.2_T0.7.png'

Launching inversion with sigma = 7.00e-02 LC=2.00e-01
Elapsed time is 163.245010 seconds.

output_folder =

    '/home/users/s/savardg/scratch/matlab-swant/data-riehen/run6_dcV3_g200m/vg-maps-new/inv_TV_rayleigh_sigma0.08_LC0.2'


output_fname =

    '/home/users/s/savardg/scratch/matlab-swant/data-riehen/run6_dcV3_g200m/vg-maps-new/inv_TV_rayleigh_sigma0.08_LC0.2/inv_TV_rayleigh_sigma0.08_LC0.2_T0.7.mat'


output_fig =

    '/home/users/s/savardg/scratch/matlab-swant/data-riehen/run6_dcV3_g200m/vg-maps-new/inv_TV_rayleigh_sigma0.08_LC0.2/inv_TV_rayleigh_sigma0.08_LC0.2_T0.7.png'

Launching inversion with sigma = 8.00e-02 LC=2.00e-01
Elapsed time is 163.202501 seconds.

output_folder =

    '/home/users/s/savardg/scratch/matlab-swant/data-riehen/run6_dcV3_g200m/vg-maps-new/inv_TV_rayleigh_sigma0.09_LC0.2'


output_fname =

    '/home/users/s/savardg/scratch/matlab-swant/data-riehen/run6_dcV3_g200m/vg-maps-new/inv_TV_rayleigh_sigma0.09_LC0.2/inv_TV_rayleigh_sigma0.09_LC0.2_T0.7.mat'


output_fig =

    '/home/users/s/savardg/scratch/matlab-swant/data-riehen/run6_dcV3_g200m/vg-maps-new/inv_TV_rayleigh_sigma0.09_LC0.2/inv_TV_rayleigh_sigma0.09_LC0.2_T0.7.png'

Launching inversion with sigma = 9.00e-02 LC=2.00e-01
Elapsed time is 162.597819 seconds.

output_folder =

    '/home/users/s/savardg/scratch/matlab-swant/data-riehen/run6_dcV3_g200m/vg-maps-new/inv_TV_rayleigh_sigma0.05_LC0.5'


output_fname =

    '/home/users/s/savardg/scratch/matlab-swant/data-riehen/run6_dcV3_g200m/vg-maps-new/inv_TV_rayleigh_sigma0.05_LC0.5/inv_TV_rayleigh_sigma0.05_LC0.5_T0.7.mat'


output_fig =

    '/home/users/s/savardg/scratch/matlab-swant/data-riehen/run6_dcV3_g200m/vg-maps-new/inv_TV_rayleigh_sigma0.05_LC0.5/inv_TV_rayleigh_sigma0.05_LC0.5_T0.7.png'

Launching inversion with sigma = 5.00e-02 LC=5.00e-01
Elapsed time is 163.014444 seconds.

output_folder =

    '/home/users/s/savardg/scratch/matlab-swant/data-riehen/run6_dcV3_g200m/vg-maps-new/inv_TV_rayleigh_sigma0.06_LC0.5'


output_fname =

    '/home/users/s/savardg/scratch/matlab-swant/data-riehen/run6_dcV3_g200m/vg-maps-new/inv_TV_rayleigh_sigma0.06_LC0.5/inv_TV_rayleigh_sigma0.06_LC0.5_T0.7.mat'


output_fig =

    '/home/users/s/savardg/scratch/matlab-swant/data-riehen/run6_dcV3_g200m/vg-maps-new/inv_TV_rayleigh_sigma0.06_LC0.5/inv_TV_rayleigh_sigma0.06_LC0.5_T0.7.png'

Launching inversion with sigma = 6.00e-02 LC=5.00e-01
Elapsed time is 162.790840 seconds.

output_folder =

    '/home/users/s/savardg/scratch/matlab-swant/data-riehen/run6_dcV3_g200m/vg-maps-new/inv_TV_rayleigh_sigma0.07_LC0.5'


output_fname =

    '/home/users/s/savardg/scratch/matlab-swant/data-riehen/run6_dcV3_g200m/vg-maps-new/inv_TV_rayleigh_sigma0.07_LC0.5/inv_TV_rayleigh_sigma0.07_LC0.5_T0.7.mat'


output_fig =

    '/home/users/s/savardg/scratch/matlab-swant/data-riehen/run6_dcV3_g200m/vg-maps-new/inv_TV_rayleigh_sigma0.07_LC0.5/inv_TV_rayleigh_sigma0.07_LC0.5_T0.7.png'

Launching inversion with sigma = 7.00e-02 LC=5.00e-01
Elapsed time is 162.716443 seconds.

output_folder =

    '/home/users/s/savardg/scratch/matlab-swant/data-riehen/run6_dcV3_g200m/vg-maps-new/inv_TV_rayleigh_sigma0.08_LC0.5'


output_fname =

    '/home/users/s/savardg/scratch/matlab-swant/data-riehen/run6_dcV3_g200m/vg-maps-new/inv_TV_rayleigh_sigma0.08_LC0.5/inv_TV_rayleigh_sigma0.08_LC0.5_T0.7.mat'


output_fig =

    '/home/users/s/savardg/scratch/matlab-swant/data-riehen/run6_dcV3_g200m/vg-maps-new/inv_TV_rayleigh_sigma0.08_LC0.5/inv_TV_rayleigh_sigma0.08_LC0.5_T0.7.png'

Launching inversion with sigma = 8.00e-02 LC=5.00e-01
Elapsed time is 163.857734 seconds.

output_folder =

    '/home/users/s/savardg/scratch/matlab-swant/data-riehen/run6_dcV3_g200m/vg-maps-new/inv_TV_rayleigh_sigma0.09_LC0.5'


output_fname =

    '/home/users/s/savardg/scratch/matlab-swant/data-riehen/run6_dcV3_g200m/vg-maps-new/inv_TV_rayleigh_sigma0.09_LC0.5/inv_TV_rayleigh_sigma0.09_LC0.5_T0.7.mat'


output_fig =

    '/home/users/s/savardg/scratch/matlab-swant/data-riehen/run6_dcV3_g200m/vg-maps-new/inv_TV_rayleigh_sigma0.09_LC0.5/inv_TV_rayleigh_sigma0.09_LC0.5_T0.7.png'

Launching inversion with sigma = 9.00e-02 LC=5.00e-01
Elapsed time is 162.254084 seconds.

output_folder =

    '/home/users/s/savardg/scratch/matlab-swant/data-riehen/run6_dcV3_g200m/vg-maps-new/inv_TV_rayleigh_sigma0.05_LC1'


output_fname =

    '/home/users/s/savardg/scratch/matlab-swant/data-riehen/run6_dcV3_g200m/vg-maps-new/inv_TV_rayleigh_sigma0.05_LC1/inv_TV_rayleigh_sigma0.05_LC1_T0.7.mat'


output_fig =

    '/home/users/s/savardg/scratch/matlab-swant/data-riehen/run6_dcV3_g200m/vg-maps-new/inv_TV_rayleigh_sigma0.05_LC1/inv_TV_rayleigh_sigma0.05_LC1_T0.7.png'

Launching inversion with sigma = 5.00e-02 LC=1.00e+00
Elapsed time is 162.616883 seconds.

output_folder =

    '/home/users/s/savardg/scratch/matlab-swant/data-riehen/run6_dcV3_g200m/vg-maps-new/inv_TV_rayleigh_sigma0.06_LC1'


output_fname =

    '/home/users/s/savardg/scratch/matlab-swant/data-riehen/run6_dcV3_g200m/vg-maps-new/inv_TV_rayleigh_sigma0.06_LC1/inv_TV_rayleigh_sigma0.06_LC1_T0.7.mat'


output_fig =

    '/home/users/s/savardg/scratch/matlab-swant/data-riehen/run6_dcV3_g200m/vg-maps-new/inv_TV_rayleigh_sigma0.06_LC1/inv_TV_rayleigh_sigma0.06_LC1_T0.7.png'

Launching inversion with sigma = 6.00e-02 LC=1.00e+00
Elapsed time is 162.008453 seconds.

output_folder =

    '/home/users/s/savardg/scratch/matlab-swant/data-riehen/run6_dcV3_g200m/vg-maps-new/inv_TV_rayleigh_sigma0.07_LC1'


output_fname =

    '/home/users/s/savardg/scratch/matlab-swant/data-riehen/run6_dcV3_g200m/vg-maps-new/inv_TV_rayleigh_sigma0.07_LC1/inv_TV_rayleigh_sigma0.07_LC1_T0.7.mat'


output_fig =

    '/home/users/s/savardg/scratch/matlab-swant/data-riehen/run6_dcV3_g200m/vg-maps-new/inv_TV_rayleigh_sigma0.07_LC1/inv_TV_rayleigh_sigma0.07_LC1_T0.7.png'

Launching inversion with sigma = 7.00e-02 LC=1.00e+00
Elapsed time is 162.271671 seconds.

output_folder =

    '/home/users/s/savardg/scratch/matlab-swant/data-riehen/run6_dcV3_g200m/vg-maps-new/inv_TV_rayleigh_sigma0.08_LC1'


output_fname =

    '/home/users/s/savardg/scratch/matlab-swant/data-riehen/run6_dcV3_g200m/vg-maps-new/inv_TV_rayleigh_sigma0.08_LC1/inv_TV_rayleigh_sigma0.08_LC1_T0.7.mat'


output_fig =

    '/home/users/s/savardg/scratch/matlab-swant/data-riehen/run6_dcV3_g200m/vg-maps-new/inv_TV_rayleigh_sigma0.08_LC1/inv_TV_rayleigh_sigma0.08_LC1_T0.7.png'

Launching inversion with sigma = 8.00e-02 LC=1.00e+00
Elapsed time is 162.344884 seconds.

output_folder =

    '/home/users/s/savardg/scratch/matlab-swant/data-riehen/run6_dcV3_g200m/vg-maps-new/inv_TV_rayleigh_sigma0.09_LC1'


output_fname =

    '/home/users/s/savardg/scratch/matlab-swant/data-riehen/run6_dcV3_g200m/vg-maps-new/inv_TV_rayleigh_sigma0.09_LC1/inv_TV_rayleigh_sigma0.09_LC1_T0.7.mat'


output_fig =

    '/home/users/s/savardg/scratch/matlab-swant/data-riehen/run6_dcV3_g200m/vg-maps-new/inv_TV_rayleigh_sigma0.09_LC1/inv_TV_rayleigh_sigma0.09_LC1_T0.7.png'

Launching inversion with sigma = 9.00e-02 LC=1.00e+00
Elapsed time is 162.685960 seconds.

output_folder =

    '/home/users/s/savardg/scratch/matlab-swant/data-riehen/run6_dcV3_g200m/vg-maps-new/inv_TV_rayleigh_sigma0.05_LC1.5'


output_fname =

    '/home/users/s/savardg/scratch/matlab-swant/data-riehen/run6_dcV3_g200m/vg-maps-new/inv_TV_rayleigh_sigma0.05_LC1.5/inv_TV_rayleigh_sigma0.05_LC1.5_T0.7.mat'


output_fig =

    '/home/users/s/savardg/scratch/matlab-swant/data-riehen/run6_dcV3_g200m/vg-maps-new/inv_TV_rayleigh_sigma0.05_LC1.5/inv_TV_rayleigh_sigma0.05_LC1.5_T0.7.png'

Launching inversion with sigma = 5.00e-02 LC=1.50e+00
Elapsed time is 162.601197 seconds.

output_folder =

    '/home/users/s/savardg/scratch/matlab-swant/data-riehen/run6_dcV3_g200m/vg-maps-new/inv_TV_rayleigh_sigma0.06_LC1.5'


output_fname =

    '/home/users/s/savardg/scratch/matlab-swant/data-riehen/run6_dcV3_g200m/vg-maps-new/inv_TV_rayleigh_sigma0.06_LC1.5/inv_TV_rayleigh_sigma0.06_LC1.5_T0.7.mat'


output_fig =

    '/home/users/s/savardg/scratch/matlab-swant/data-riehen/run6_dcV3_g200m/vg-maps-new/inv_TV_rayleigh_sigma0.06_LC1.5/inv_TV_rayleigh_sigma0.06_LC1.5_T0.7.png'

Launching inversion with sigma = 6.00e-02 LC=1.50e+00
Elapsed time is 163.168969 seconds.

output_folder =

    '/home/users/s/savardg/scratch/matlab-swant/data-riehen/run6_dcV3_g200m/vg-maps-new/inv_TV_rayleigh_sigma0.07_LC1.5'


output_fname =

    '/home/users/s/savardg/scratch/matlab-swant/data-riehen/run6_dcV3_g200m/vg-maps-new/inv_TV_rayleigh_sigma0.07_LC1.5/inv_TV_rayleigh_sigma0.07_LC1.5_T0.7.mat'


output_fig =

    '/home/users/s/savardg/scratch/matlab-swant/data-riehen/run6_dcV3_g200m/vg-maps-new/inv_TV_rayleigh_sigma0.07_LC1.5/inv_TV_rayleigh_sigma0.07_LC1.5_T0.7.png'

Launching inversion with sigma = 7.00e-02 LC=1.50e+00
Elapsed time is 162.710210 seconds.

output_folder =

    '/home/users/s/savardg/scratch/matlab-swant/data-riehen/run6_dcV3_g200m/vg-maps-new/inv_TV_rayleigh_sigma0.08_LC1.5'


output_fname =

    '/home/users/s/savardg/scratch/matlab-swant/data-riehen/run6_dcV3_g200m/vg-maps-new/inv_TV_rayleigh_sigma0.08_LC1.5/inv_TV_rayleigh_sigma0.08_LC1.5_T0.7.mat'


output_fig =

    '/home/users/s/savardg/scratch/matlab-swant/data-riehen/run6_dcV3_g200m/vg-maps-new/inv_TV_rayleigh_sigma0.08_LC1.5/inv_TV_rayleigh_sigma0.08_LC1.5_T0.7.png'

Launching inversion with sigma = 8.00e-02 LC=1.50e+00
Elapsed time is 162.070787 seconds.

output_folder =

    '/home/users/s/savardg/scratch/matlab-swant/data-riehen/run6_dcV3_g200m/vg-maps-new/inv_TV_rayleigh_sigma0.09_LC1.5'


output_fname =

    '/home/users/s/savardg/scratch/matlab-swant/data-riehen/run6_dcV3_g200m/vg-maps-new/inv_TV_rayleigh_sigma0.09_LC1.5/inv_TV_rayleigh_sigma0.09_LC1.5_T0.7.mat'


output_fig =

    '/home/users/s/savardg/scratch/matlab-swant/data-riehen/run6_dcV3_g200m/vg-maps-new/inv_TV_rayleigh_sigma0.09_LC1.5/inv_TV_rayleigh_sigma0.09_LC1.5_T0.7.png'

Launching inversion with sigma = 9.00e-02 LC=1.50e+00
Elapsed time is 161.522932 seconds.

output_folder =

    '/home/users/s/savardg/scratch/matlab-swant/data-riehen/run6_dcV3_g200m/vg-maps-new/inv_TV_rayleigh_sigma0.05_LC2'


output_fname =

    '/home/users/s/savardg/scratch/matlab-swant/data-riehen/run6_dcV3_g200m/vg-maps-new/inv_TV_rayleigh_sigma0.05_LC2/inv_TV_rayleigh_sigma0.05_LC2_T0.7.mat'


output_fig =

    '/home/users/s/savardg/scratch/matlab-swant/data-riehen/run6_dcV3_g200m/vg-maps-new/inv_TV_rayleigh_sigma0.05_LC2/inv_TV_rayleigh_sigma0.05_LC2_T0.7.png'

Launching inversion with sigma = 5.00e-02 LC=2.00e+00
Elapsed time is 162.601186 seconds.

output_folder =

    '/home/users/s/savardg/scratch/matlab-swant/data-riehen/run6_dcV3_g200m/vg-maps-new/inv_TV_rayleigh_sigma0.06_LC2'


output_fname =

    '/home/users/s/savardg/scratch/matlab-swant/data-riehen/run6_dcV3_g200m/vg-maps-new/inv_TV_rayleigh_sigma0.06_LC2/inv_TV_rayleigh_sigma0.06_LC2_T0.7.mat'


output_fig =

    '/home/users/s/savardg/scratch/matlab-swant/data-riehen/run6_dcV3_g200m/vg-maps-new/inv_TV_rayleigh_sigma0.06_LC2/inv_TV_rayleigh_sigma0.06_LC2_T0.7.png'

Launching inversion with sigma = 6.00e-02 LC=2.00e+00
Elapsed time is 162.090240 seconds.

output_folder =

    '/home/users/s/savardg/scratch/matlab-swant/data-riehen/run6_dcV3_g200m/vg-maps-new/inv_TV_rayleigh_sigma0.07_LC2'


output_fname =

    '/home/users/s/savardg/scratch/matlab-swant/data-riehen/run6_dcV3_g200m/vg-maps-new/inv_TV_rayleigh_sigma0.07_LC2/inv_TV_rayleigh_sigma0.07_LC2_T0.7.mat'


output_fig =

    '/home/users/s/savardg/scratch/matlab-swant/data-riehen/run6_dcV3_g200m/vg-maps-new/inv_TV_rayleigh_sigma0.07_LC2/inv_TV_rayleigh_sigma0.07_LC2_T0.7.png'

Launching inversion with sigma = 7.00e-02 LC=2.00e+00
Elapsed time is 162.708684 seconds.

output_folder =

    '/home/users/s/savardg/scratch/matlab-swant/data-riehen/run6_dcV3_g200m/vg-maps-new/inv_TV_rayleigh_sigma0.08_LC2'


output_fname =

    '/home/users/s/savardg/scratch/matlab-swant/data-riehen/run6_dcV3_g200m/vg-maps-new/inv_TV_rayleigh_sigma0.08_LC2/inv_TV_rayleigh_sigma0.08_LC2_T0.7.mat'


output_fig =

    '/home/users/s/savardg/scratch/matlab-swant/data-riehen/run6_dcV3_g200m/vg-maps-new/inv_TV_rayleigh_sigma0.08_LC2/inv_TV_rayleigh_sigma0.08_LC2_T0.7.png'

Launching inversion with sigma = 8.00e-02 LC=2.00e+00
Elapsed time is 163.163857 seconds.

output_folder =

    '/home/users/s/savardg/scratch/matlab-swant/data-riehen/run6_dcV3_g200m/vg-maps-new/inv_TV_rayleigh_sigma0.09_LC2'


output_fname =

    '/home/users/s/savardg/scratch/matlab-swant/data-riehen/run6_dcV3_g200m/vg-maps-new/inv_TV_rayleigh_sigma0.09_LC2/inv_TV_rayleigh_sigma0.09_LC2_T0.7.mat'


output_fig =

    '/home/users/s/savardg/scratch/matlab-swant/data-riehen/run6_dcV3_g200m/vg-maps-new/inv_TV_rayleigh_sigma0.09_LC2/inv_TV_rayleigh_sigma0.09_LC2_T0.7.png'

Launching inversion with sigma = 9.00e-02 LC=2.00e+00
Elapsed time is 161.009187 seconds.

output_folder =

    '/home/users/s/savardg/scratch/matlab-swant/data-riehen/run6_dcV3_g200m/vg-maps-new/inv_TV_rayleigh_sigma0.05_LC5'


output_fname =

    '/home/users/s/savardg/scratch/matlab-swant/data-riehen/run6_dcV3_g200m/vg-maps-new/inv_TV_rayleigh_sigma0.05_LC5/inv_TV_rayleigh_sigma0.05_LC5_T0.7.mat'


output_fig =

    '/home/users/s/savardg/scratch/matlab-swant/data-riehen/run6_dcV3_g200m/vg-maps-new/inv_TV_rayleigh_sigma0.05_LC5/inv_TV_rayleigh_sigma0.05_LC5_T0.7.png'

Launching inversion with sigma = 5.00e-02 LC=5.00e+00
Elapsed time is 162.005155 seconds.

output_folder =

    '/home/users/s/savardg/scratch/matlab-swant/data-riehen/run6_dcV3_g200m/vg-maps-new/inv_TV_rayleigh_sigma0.06_LC5'


output_fname =

    '/home/users/s/savardg/scratch/matlab-swant/data-riehen/run6_dcV3_g200m/vg-maps-new/inv_TV_rayleigh_sigma0.06_LC5/inv_TV_rayleigh_sigma0.06_LC5_T0.7.mat'


output_fig =

    '/home/users/s/savardg/scratch/matlab-swant/data-riehen/run6_dcV3_g200m/vg-maps-new/inv_TV_rayleigh_sigma0.06_LC5/inv_TV_rayleigh_sigma0.06_LC5_T0.7.png'

Launching inversion with sigma = 6.00e-02 LC=5.00e+00
Elapsed time is 162.130889 seconds.

output_folder =

    '/home/users/s/savardg/scratch/matlab-swant/data-riehen/run6_dcV3_g200m/vg-maps-new/inv_TV_rayleigh_sigma0.07_LC5'


output_fname =

    '/home/users/s/savardg/scratch/matlab-swant/data-riehen/run6_dcV3_g200m/vg-maps-new/inv_TV_rayleigh_sigma0.07_LC5/inv_TV_rayleigh_sigma0.07_LC5_T0.7.mat'


output_fig =

    '/home/users/s/savardg/scratch/matlab-swant/data-riehen/run6_dcV3_g200m/vg-maps-new/inv_TV_rayleigh_sigma0.07_LC5/inv_TV_rayleigh_sigma0.07_LC5_T0.7.png'

Launching inversion with sigma = 7.00e-02 LC=5.00e+00
Elapsed time is 161.785812 seconds.

output_folder =

    '/home/users/s/savardg/scratch/matlab-swant/data-riehen/run6_dcV3_g200m/vg-maps-new/inv_TV_rayleigh_sigma0.08_LC5'


output_fname =

    '/home/users/s/savardg/scratch/matlab-swant/data-riehen/run6_dcV3_g200m/vg-maps-new/inv_TV_rayleigh_sigma0.08_LC5/inv_TV_rayleigh_sigma0.08_LC5_T0.7.mat'


output_fig =

    '/home/users/s/savardg/scratch/matlab-swant/data-riehen/run6_dcV3_g200m/vg-maps-new/inv_TV_rayleigh_sigma0.08_LC5/inv_TV_rayleigh_sigma0.08_LC5_T0.7.png'

Launching inversion with sigma = 8.00e-02 LC=5.00e+00
Elapsed time is 158.012738 seconds.

output_folder =

    '/home/users/s/savardg/scratch/matlab-swant/data-riehen/run6_dcV3_g200m/vg-maps-new/inv_TV_rayleigh_sigma0.09_LC5'


output_fname =

    '/home/users/s/savardg/scratch/matlab-swant/data-riehen/run6_dcV3_g200m/vg-maps-new/inv_TV_rayleigh_sigma0.09_LC5/inv_TV_rayleigh_sigma0.09_LC5_T0.7.mat'


output_fig =

    '/home/users/s/savardg/scratch/matlab-swant/data-riehen/run6_dcV3_g200m/vg-maps-new/inv_TV_rayleigh_sigma0.09_LC5/inv_TV_rayleigh_sigma0.09_LC5_T0.7.png'

Launching inversion with sigma = 9.00e-02 LC=5.00e+00
Elapsed time is 154.435745 seconds.
Done.Elapsed time is 4931.541313 seconds.
{Error: File:
/home/users/s/savardg/matlab-swant/scripts/vg-map-inversion-new/main_aargau.m
Line: 8 Column: 17
Invalid text character. Check for unsupported symbol, invisible character, or
pasting of non-ASCII characters.
} 
