Period: 2.5

sigma_vec =

    0.0500    0.0600    0.0700    0.0800    0.0900


output_root =

    '/home/users/s/savardg/scratch/matlab-swant/data-riehen/run6_dcV3_g200m/vg-maps-new'


station_file =

    '/home/users/s/savardg/riehen/noisepy-nodes/stations_nodes_sed_noisepy.csv'


ans =

    'Grid origin (SW corner) lat,long: ( 47.4813, 7.5296 )
     Grid extent: 21.33 km by 20.20 km'


ans =

    'Number of stations inside grid: 231 (7 removed).'


ans =

    'Number of picks/ray paths: 6269'


output_folder =

    '/home/users/s/savardg/scratch/matlab-swant/data-riehen/run6_dcV3_g200m/vg-maps-new/inv_TV_rayleigh_sigma0.05_LC0.2'


output_fname =

    '/home/users/s/savardg/scratch/matlab-swant/data-riehen/run6_dcV3_g200m/vg-maps-new/inv_TV_rayleigh_sigma0.05_LC0.2/inv_TV_rayleigh_sigma0.05_LC0.2_T2.5.mat'


output_fig =

    '/home/users/s/savardg/scratch/matlab-swant/data-riehen/run6_dcV3_g200m/vg-maps-new/inv_TV_rayleigh_sigma0.05_LC0.2/inv_TV_rayleigh_sigma0.05_LC0.2_T2.5.png'

Launching inversion with sigma = 5.00e-02 LC=2.00e-01
Elapsed time is 264.839093 seconds.
[Warning: MATLAB has disabled some advanced graphics rendering features by
switching to software OpenGL. For more information, click <a
href="matlab:opengl('problems')">here</a>.] 

output_folder =

    '/home/users/s/savardg/scratch/matlab-swant/data-riehen/run6_dcV3_g200m/vg-maps-new/inv_TV_rayleigh_sigma0.06_LC0.2'


output_fname =

    '/home/users/s/savardg/scratch/matlab-swant/data-riehen/run6_dcV3_g200m/vg-maps-new/inv_TV_rayleigh_sigma0.06_LC0.2/inv_TV_rayleigh_sigma0.06_LC0.2_T2.5.mat'


output_fig =

    '/home/users/s/savardg/scratch/matlab-swant/data-riehen/run6_dcV3_g200m/vg-maps-new/inv_TV_rayleigh_sigma0.06_LC0.2/inv_TV_rayleigh_sigma0.06_LC0.2_T2.5.png'

Launching inversion with sigma = 6.00e-02 LC=2.00e-01
Elapsed time is 266.150679 seconds.

output_folder =

    '/home/users/s/savardg/scratch/matlab-swant/data-riehen/run6_dcV3_g200m/vg-maps-new/inv_TV_rayleigh_sigma0.07_LC0.2'


output_fname =

    '/home/users/s/savardg/scratch/matlab-swant/data-riehen/run6_dcV3_g200m/vg-maps-new/inv_TV_rayleigh_sigma0.07_LC0.2/inv_TV_rayleigh_sigma0.07_LC0.2_T2.5.mat'


output_fig =

    '/home/users/s/savardg/scratch/matlab-swant/data-riehen/run6_dcV3_g200m/vg-maps-new/inv_TV_rayleigh_sigma0.07_LC0.2/inv_TV_rayleigh_sigma0.07_LC0.2_T2.5.png'

Launching inversion with sigma = 7.00e-02 LC=2.00e-01
Elapsed time is 268.546558 seconds.

output_folder =

    '/home/users/s/savardg/scratch/matlab-swant/data-riehen/run6_dcV3_g200m/vg-maps-new/inv_TV_rayleigh_sigma0.08_LC0.2'


output_fname =

    '/home/users/s/savardg/scratch/matlab-swant/data-riehen/run6_dcV3_g200m/vg-maps-new/inv_TV_rayleigh_sigma0.08_LC0.2/inv_TV_rayleigh_sigma0.08_LC0.2_T2.5.mat'


output_fig =

    '/home/users/s/savardg/scratch/matlab-swant/data-riehen/run6_dcV3_g200m/vg-maps-new/inv_TV_rayleigh_sigma0.08_LC0.2/inv_TV_rayleigh_sigma0.08_LC0.2_T2.5.png'

Launching inversion with sigma = 8.00e-02 LC=2.00e-01
Elapsed time is 270.737849 seconds.

output_folder =

    '/home/users/s/savardg/scratch/matlab-swant/data-riehen/run6_dcV3_g200m/vg-maps-new/inv_TV_rayleigh_sigma0.09_LC0.2'


output_fname =

    '/home/users/s/savardg/scratch/matlab-swant/data-riehen/run6_dcV3_g200m/vg-maps-new/inv_TV_rayleigh_sigma0.09_LC0.2/inv_TV_rayleigh_sigma0.09_LC0.2_T2.5.mat'


output_fig =

    '/home/users/s/savardg/scratch/matlab-swant/data-riehen/run6_dcV3_g200m/vg-maps-new/inv_TV_rayleigh_sigma0.09_LC0.2/inv_TV_rayleigh_sigma0.09_LC0.2_T2.5.png'

Launching inversion with sigma = 9.00e-02 LC=2.00e-01
Elapsed time is 269.076811 seconds.

output_folder =

    '/home/users/s/savardg/scratch/matlab-swant/data-riehen/run6_dcV3_g200m/vg-maps-new/inv_TV_rayleigh_sigma0.05_LC0.5'


output_fname =

    '/home/users/s/savardg/scratch/matlab-swant/data-riehen/run6_dcV3_g200m/vg-maps-new/inv_TV_rayleigh_sigma0.05_LC0.5/inv_TV_rayleigh_sigma0.05_LC0.5_T2.5.mat'


output_fig =

    '/home/users/s/savardg/scratch/matlab-swant/data-riehen/run6_dcV3_g200m/vg-maps-new/inv_TV_rayleigh_sigma0.05_LC0.5/inv_TV_rayleigh_sigma0.05_LC0.5_T2.5.png'

Launching inversion with sigma = 5.00e-02 LC=5.00e-01
Elapsed time is 268.699597 seconds.

output_folder =

    '/home/users/s/savardg/scratch/matlab-swant/data-riehen/run6_dcV3_g200m/vg-maps-new/inv_TV_rayleigh_sigma0.06_LC0.5'


output_fname =

    '/home/users/s/savardg/scratch/matlab-swant/data-riehen/run6_dcV3_g200m/vg-maps-new/inv_TV_rayleigh_sigma0.06_LC0.5/inv_TV_rayleigh_sigma0.06_LC0.5_T2.5.mat'


output_fig =

    '/home/users/s/savardg/scratch/matlab-swant/data-riehen/run6_dcV3_g200m/vg-maps-new/inv_TV_rayleigh_sigma0.06_LC0.5/inv_TV_rayleigh_sigma0.06_LC0.5_T2.5.png'

Launching inversion with sigma = 6.00e-02 LC=5.00e-01
Elapsed time is 269.129635 seconds.

output_folder =

    '/home/users/s/savardg/scratch/matlab-swant/data-riehen/run6_dcV3_g200m/vg-maps-new/inv_TV_rayleigh_sigma0.07_LC0.5'


output_fname =

    '/home/users/s/savardg/scratch/matlab-swant/data-riehen/run6_dcV3_g200m/vg-maps-new/inv_TV_rayleigh_sigma0.07_LC0.5/inv_TV_rayleigh_sigma0.07_LC0.5_T2.5.mat'


output_fig =

    '/home/users/s/savardg/scratch/matlab-swant/data-riehen/run6_dcV3_g200m/vg-maps-new/inv_TV_rayleigh_sigma0.07_LC0.5/inv_TV_rayleigh_sigma0.07_LC0.5_T2.5.png'

Launching inversion with sigma = 7.00e-02 LC=5.00e-01
Elapsed time is 269.354806 seconds.

output_folder =

    '/home/users/s/savardg/scratch/matlab-swant/data-riehen/run6_dcV3_g200m/vg-maps-new/inv_TV_rayleigh_sigma0.08_LC0.5'


output_fname =

    '/home/users/s/savardg/scratch/matlab-swant/data-riehen/run6_dcV3_g200m/vg-maps-new/inv_TV_rayleigh_sigma0.08_LC0.5/inv_TV_rayleigh_sigma0.08_LC0.5_T2.5.mat'


output_fig =

    '/home/users/s/savardg/scratch/matlab-swant/data-riehen/run6_dcV3_g200m/vg-maps-new/inv_TV_rayleigh_sigma0.08_LC0.5/inv_TV_rayleigh_sigma0.08_LC0.5_T2.5.png'

Launching inversion with sigma = 8.00e-02 LC=5.00e-01
Elapsed time is 269.582070 seconds.

output_folder =

    '/home/users/s/savardg/scratch/matlab-swant/data-riehen/run6_dcV3_g200m/vg-maps-new/inv_TV_rayleigh_sigma0.09_LC0.5'


output_fname =

    '/home/users/s/savardg/scratch/matlab-swant/data-riehen/run6_dcV3_g200m/vg-maps-new/inv_TV_rayleigh_sigma0.09_LC0.5/inv_TV_rayleigh_sigma0.09_LC0.5_T2.5.mat'


output_fig =

    '/home/users/s/savardg/scratch/matlab-swant/data-riehen/run6_dcV3_g200m/vg-maps-new/inv_TV_rayleigh_sigma0.09_LC0.5/inv_TV_rayleigh_sigma0.09_LC0.5_T2.5.png'

Launching inversion with sigma = 9.00e-02 LC=5.00e-01
Elapsed time is 269.349349 seconds.

output_folder =

    '/home/users/s/savardg/scratch/matlab-swant/data-riehen/run6_dcV3_g200m/vg-maps-new/inv_TV_rayleigh_sigma0.05_LC1'


output_fname =

    '/home/users/s/savardg/scratch/matlab-swant/data-riehen/run6_dcV3_g200m/vg-maps-new/inv_TV_rayleigh_sigma0.05_LC1/inv_TV_rayleigh_sigma0.05_LC1_T2.5.mat'


output_fig =

    '/home/users/s/savardg/scratch/matlab-swant/data-riehen/run6_dcV3_g200m/vg-maps-new/inv_TV_rayleigh_sigma0.05_LC1/inv_TV_rayleigh_sigma0.05_LC1_T2.5.png'

Launching inversion with sigma = 5.00e-02 LC=1.00e+00
Elapsed time is 269.760143 seconds.

output_folder =

    '/home/users/s/savardg/scratch/matlab-swant/data-riehen/run6_dcV3_g200m/vg-maps-new/inv_TV_rayleigh_sigma0.06_LC1'


output_fname =

    '/home/users/s/savardg/scratch/matlab-swant/data-riehen/run6_dcV3_g200m/vg-maps-new/inv_TV_rayleigh_sigma0.06_LC1/inv_TV_rayleigh_sigma0.06_LC1_T2.5.mat'


output_fig =

    '/home/users/s/savardg/scratch/matlab-swant/data-riehen/run6_dcV3_g200m/vg-maps-new/inv_TV_rayleigh_sigma0.06_LC1/inv_TV_rayleigh_sigma0.06_LC1_T2.5.png'

Launching inversion with sigma = 6.00e-02 LC=1.00e+00
Elapsed time is 268.652898 seconds.

output_folder =

    '/home/users/s/savardg/scratch/matlab-swant/data-riehen/run6_dcV3_g200m/vg-maps-new/inv_TV_rayleigh_sigma0.07_LC1'


output_fname =

    '/home/users/s/savardg/scratch/matlab-swant/data-riehen/run6_dcV3_g200m/vg-maps-new/inv_TV_rayleigh_sigma0.07_LC1/inv_TV_rayleigh_sigma0.07_LC1_T2.5.mat'


output_fig =

    '/home/users/s/savardg/scratch/matlab-swant/data-riehen/run6_dcV3_g200m/vg-maps-new/inv_TV_rayleigh_sigma0.07_LC1/inv_TV_rayleigh_sigma0.07_LC1_T2.5.png'

Launching inversion with sigma = 7.00e-02 LC=1.00e+00
Elapsed time is 268.648842 seconds.

output_folder =

    '/home/users/s/savardg/scratch/matlab-swant/data-riehen/run6_dcV3_g200m/vg-maps-new/inv_TV_rayleigh_sigma0.08_LC1'


output_fname =

    '/home/users/s/savardg/scratch/matlab-swant/data-riehen/run6_dcV3_g200m/vg-maps-new/inv_TV_rayleigh_sigma0.08_LC1/inv_TV_rayleigh_sigma0.08_LC1_T2.5.mat'


output_fig =

    '/home/users/s/savardg/scratch/matlab-swant/data-riehen/run6_dcV3_g200m/vg-maps-new/inv_TV_rayleigh_sigma0.08_LC1/inv_TV_rayleigh_sigma0.08_LC1_T2.5.png'

Launching inversion with sigma = 8.00e-02 LC=1.00e+00
Elapsed time is 269.169564 seconds.

output_folder =

    '/home/users/s/savardg/scratch/matlab-swant/data-riehen/run6_dcV3_g200m/vg-maps-new/inv_TV_rayleigh_sigma0.09_LC1'


output_fname =

    '/home/users/s/savardg/scratch/matlab-swant/data-riehen/run6_dcV3_g200m/vg-maps-new/inv_TV_rayleigh_sigma0.09_LC1/inv_TV_rayleigh_sigma0.09_LC1_T2.5.mat'


output_fig =

    '/home/users/s/savardg/scratch/matlab-swant/data-riehen/run6_dcV3_g200m/vg-maps-new/inv_TV_rayleigh_sigma0.09_LC1/inv_TV_rayleigh_sigma0.09_LC1_T2.5.png'

Launching inversion with sigma = 9.00e-02 LC=1.00e+00
Elapsed time is 268.267322 seconds.

output_folder =

    '/home/users/s/savardg/scratch/matlab-swant/data-riehen/run6_dcV3_g200m/vg-maps-new/inv_TV_rayleigh_sigma0.05_LC1.5'


output_fname =

    '/home/users/s/savardg/scratch/matlab-swant/data-riehen/run6_dcV3_g200m/vg-maps-new/inv_TV_rayleigh_sigma0.05_LC1.5/inv_TV_rayleigh_sigma0.05_LC1.5_T2.5.mat'


output_fig =

    '/home/users/s/savardg/scratch/matlab-swant/data-riehen/run6_dcV3_g200m/vg-maps-new/inv_TV_rayleigh_sigma0.05_LC1.5/inv_TV_rayleigh_sigma0.05_LC1.5_T2.5.png'

Launching inversion with sigma = 5.00e-02 LC=1.50e+00
Elapsed time is 268.746046 seconds.

output_folder =

    '/home/users/s/savardg/scratch/matlab-swant/data-riehen/run6_dcV3_g200m/vg-maps-new/inv_TV_rayleigh_sigma0.06_LC1.5'


output_fname =

    '/home/users/s/savardg/scratch/matlab-swant/data-riehen/run6_dcV3_g200m/vg-maps-new/inv_TV_rayleigh_sigma0.06_LC1.5/inv_TV_rayleigh_sigma0.06_LC1.5_T2.5.mat'


output_fig =

    '/home/users/s/savardg/scratch/matlab-swant/data-riehen/run6_dcV3_g200m/vg-maps-new/inv_TV_rayleigh_sigma0.06_LC1.5/inv_TV_rayleigh_sigma0.06_LC1.5_T2.5.png'

Launching inversion with sigma = 6.00e-02 LC=1.50e+00
Elapsed time is 269.024180 seconds.

output_folder =

    '/home/users/s/savardg/scratch/matlab-swant/data-riehen/run6_dcV3_g200m/vg-maps-new/inv_TV_rayleigh_sigma0.07_LC1.5'


output_fname =

    '/home/users/s/savardg/scratch/matlab-swant/data-riehen/run6_dcV3_g200m/vg-maps-new/inv_TV_rayleigh_sigma0.07_LC1.5/inv_TV_rayleigh_sigma0.07_LC1.5_T2.5.mat'


output_fig =

    '/home/users/s/savardg/scratch/matlab-swant/data-riehen/run6_dcV3_g200m/vg-maps-new/inv_TV_rayleigh_sigma0.07_LC1.5/inv_TV_rayleigh_sigma0.07_LC1.5_T2.5.png'

Launching inversion with sigma = 7.00e-02 LC=1.50e+00
Elapsed time is 267.839636 seconds.

output_folder =

    '/home/users/s/savardg/scratch/matlab-swant/data-riehen/run6_dcV3_g200m/vg-maps-new/inv_TV_rayleigh_sigma0.08_LC1.5'


output_fname =

    '/home/users/s/savardg/scratch/matlab-swant/data-riehen/run6_dcV3_g200m/vg-maps-new/inv_TV_rayleigh_sigma0.08_LC1.5/inv_TV_rayleigh_sigma0.08_LC1.5_T2.5.mat'


output_fig =

    '/home/users/s/savardg/scratch/matlab-swant/data-riehen/run6_dcV3_g200m/vg-maps-new/inv_TV_rayleigh_sigma0.08_LC1.5/inv_TV_rayleigh_sigma0.08_LC1.5_T2.5.png'

Launching inversion with sigma = 8.00e-02 LC=1.50e+00
Elapsed time is 267.894371 seconds.

output_folder =

    '/home/users/s/savardg/scratch/matlab-swant/data-riehen/run6_dcV3_g200m/vg-maps-new/inv_TV_rayleigh_sigma0.09_LC1.5'


output_fname =

    '/home/users/s/savardg/scratch/matlab-swant/data-riehen/run6_dcV3_g200m/vg-maps-new/inv_TV_rayleigh_sigma0.09_LC1.5/inv_TV_rayleigh_sigma0.09_LC1.5_T2.5.mat'


output_fig =

    '/home/users/s/savardg/scratch/matlab-swant/data-riehen/run6_dcV3_g200m/vg-maps-new/inv_TV_rayleigh_sigma0.09_LC1.5/inv_TV_rayleigh_sigma0.09_LC1.5_T2.5.png'

Launching inversion with sigma = 9.00e-02 LC=1.50e+00
Elapsed time is 268.374118 seconds.

output_folder =

    '/home/users/s/savardg/scratch/matlab-swant/data-riehen/run6_dcV3_g200m/vg-maps-new/inv_TV_rayleigh_sigma0.05_LC2'


output_fname =

    '/home/users/s/savardg/scratch/matlab-swant/data-riehen/run6_dcV3_g200m/vg-maps-new/inv_TV_rayleigh_sigma0.05_LC2/inv_TV_rayleigh_sigma0.05_LC2_T2.5.mat'


output_fig =

    '/home/users/s/savardg/scratch/matlab-swant/data-riehen/run6_dcV3_g200m/vg-maps-new/inv_TV_rayleigh_sigma0.05_LC2/inv_TV_rayleigh_sigma0.05_LC2_T2.5.png'

Launching inversion with sigma = 5.00e-02 LC=2.00e+00
Elapsed time is 265.852881 seconds.

output_folder =

    '/home/users/s/savardg/scratch/matlab-swant/data-riehen/run6_dcV3_g200m/vg-maps-new/inv_TV_rayleigh_sigma0.06_LC2'


output_fname =

    '/home/users/s/savardg/scratch/matlab-swant/data-riehen/run6_dcV3_g200m/vg-maps-new/inv_TV_rayleigh_sigma0.06_LC2/inv_TV_rayleigh_sigma0.06_LC2_T2.5.mat'


output_fig =

    '/home/users/s/savardg/scratch/matlab-swant/data-riehen/run6_dcV3_g200m/vg-maps-new/inv_TV_rayleigh_sigma0.06_LC2/inv_TV_rayleigh_sigma0.06_LC2_T2.5.png'

Launching inversion with sigma = 6.00e-02 LC=2.00e+00
Elapsed time is 256.337067 seconds.

output_folder =

    '/home/users/s/savardg/scratch/matlab-swant/data-riehen/run6_dcV3_g200m/vg-maps-new/inv_TV_rayleigh_sigma0.07_LC2'


output_fname =

    '/home/users/s/savardg/scratch/matlab-swant/data-riehen/run6_dcV3_g200m/vg-maps-new/inv_TV_rayleigh_sigma0.07_LC2/inv_TV_rayleigh_sigma0.07_LC2_T2.5.mat'


output_fig =

    '/home/users/s/savardg/scratch/matlab-swant/data-riehen/run6_dcV3_g200m/vg-maps-new/inv_TV_rayleigh_sigma0.07_LC2/inv_TV_rayleigh_sigma0.07_LC2_T2.5.png'

Launching inversion with sigma = 7.00e-02 LC=2.00e+00
Elapsed time is 252.527894 seconds.

output_folder =

    '/home/users/s/savardg/scratch/matlab-swant/data-riehen/run6_dcV3_g200m/vg-maps-new/inv_TV_rayleigh_sigma0.08_LC2'


output_fname =

    '/home/users/s/savardg/scratch/matlab-swant/data-riehen/run6_dcV3_g200m/vg-maps-new/inv_TV_rayleigh_sigma0.08_LC2/inv_TV_rayleigh_sigma0.08_LC2_T2.5.mat'


output_fig =

    '/home/users/s/savardg/scratch/matlab-swant/data-riehen/run6_dcV3_g200m/vg-maps-new/inv_TV_rayleigh_sigma0.08_LC2/inv_TV_rayleigh_sigma0.08_LC2_T2.5.png'

Launching inversion with sigma = 8.00e-02 LC=2.00e+00
Elapsed time is 248.944889 seconds.

output_folder =

    '/home/users/s/savardg/scratch/matlab-swant/data-riehen/run6_dcV3_g200m/vg-maps-new/inv_TV_rayleigh_sigma0.09_LC2'


output_fname =

    '/home/users/s/savardg/scratch/matlab-swant/data-riehen/run6_dcV3_g200m/vg-maps-new/inv_TV_rayleigh_sigma0.09_LC2/inv_TV_rayleigh_sigma0.09_LC2_T2.5.mat'


output_fig =

    '/home/users/s/savardg/scratch/matlab-swant/data-riehen/run6_dcV3_g200m/vg-maps-new/inv_TV_rayleigh_sigma0.09_LC2/inv_TV_rayleigh_sigma0.09_LC2_T2.5.png'

Launching inversion with sigma = 9.00e-02 LC=2.00e+00
Elapsed time is 246.109404 seconds.

output_folder =

    '/home/users/s/savardg/scratch/matlab-swant/data-riehen/run6_dcV3_g200m/vg-maps-new/inv_TV_rayleigh_sigma0.05_LC5'


output_fname =

    '/home/users/s/savardg/scratch/matlab-swant/data-riehen/run6_dcV3_g200m/vg-maps-new/inv_TV_rayleigh_sigma0.05_LC5/inv_TV_rayleigh_sigma0.05_LC5_T2.5.mat'


output_fig =

    '/home/users/s/savardg/scratch/matlab-swant/data-riehen/run6_dcV3_g200m/vg-maps-new/inv_TV_rayleigh_sigma0.05_LC5/inv_TV_rayleigh_sigma0.05_LC5_T2.5.png'

Launching inversion with sigma = 5.00e-02 LC=5.00e+00
Elapsed time is 244.998761 seconds.

output_folder =

    '/home/users/s/savardg/scratch/matlab-swant/data-riehen/run6_dcV3_g200m/vg-maps-new/inv_TV_rayleigh_sigma0.06_LC5'


output_fname =

    '/home/users/s/savardg/scratch/matlab-swant/data-riehen/run6_dcV3_g200m/vg-maps-new/inv_TV_rayleigh_sigma0.06_LC5/inv_TV_rayleigh_sigma0.06_LC5_T2.5.mat'


output_fig =

    '/home/users/s/savardg/scratch/matlab-swant/data-riehen/run6_dcV3_g200m/vg-maps-new/inv_TV_rayleigh_sigma0.06_LC5/inv_TV_rayleigh_sigma0.06_LC5_T2.5.png'

Launching inversion with sigma = 6.00e-02 LC=5.00e+00
Elapsed time is 243.201625 seconds.

output_folder =

    '/home/users/s/savardg/scratch/matlab-swant/data-riehen/run6_dcV3_g200m/vg-maps-new/inv_TV_rayleigh_sigma0.07_LC5'


output_fname =

    '/home/users/s/savardg/scratch/matlab-swant/data-riehen/run6_dcV3_g200m/vg-maps-new/inv_TV_rayleigh_sigma0.07_LC5/inv_TV_rayleigh_sigma0.07_LC5_T2.5.mat'


output_fig =

    '/home/users/s/savardg/scratch/matlab-swant/data-riehen/run6_dcV3_g200m/vg-maps-new/inv_TV_rayleigh_sigma0.07_LC5/inv_TV_rayleigh_sigma0.07_LC5_T2.5.png'

Launching inversion with sigma = 7.00e-02 LC=5.00e+00
Elapsed time is 242.681486 seconds.

output_folder =

    '/home/users/s/savardg/scratch/matlab-swant/data-riehen/run6_dcV3_g200m/vg-maps-new/inv_TV_rayleigh_sigma0.08_LC5'


output_fname =

    '/home/users/s/savardg/scratch/matlab-swant/data-riehen/run6_dcV3_g200m/vg-maps-new/inv_TV_rayleigh_sigma0.08_LC5/inv_TV_rayleigh_sigma0.08_LC5_T2.5.mat'


output_fig =

    '/home/users/s/savardg/scratch/matlab-swant/data-riehen/run6_dcV3_g200m/vg-maps-new/inv_TV_rayleigh_sigma0.08_LC5/inv_TV_rayleigh_sigma0.08_LC5_T2.5.png'

Launching inversion with sigma = 8.00e-02 LC=5.00e+00
Elapsed time is 242.500267 seconds.

output_folder =

    '/home/users/s/savardg/scratch/matlab-swant/data-riehen/run6_dcV3_g200m/vg-maps-new/inv_TV_rayleigh_sigma0.09_LC5'


output_fname =

    '/home/users/s/savardg/scratch/matlab-swant/data-riehen/run6_dcV3_g200m/vg-maps-new/inv_TV_rayleigh_sigma0.09_LC5/inv_TV_rayleigh_sigma0.09_LC5_T2.5.mat'


output_fig =

    '/home/users/s/savardg/scratch/matlab-swant/data-riehen/run6_dcV3_g200m/vg-maps-new/inv_TV_rayleigh_sigma0.09_LC5/inv_TV_rayleigh_sigma0.09_LC5_T2.5.png'

Launching inversion with sigma = 9.00e-02 LC=5.00e+00
Elapsed time is 241.959452 seconds.
Done.Elapsed time is 7969.750699 seconds.
{Error: File:
/home/users/s/savardg/matlab-swant/scripts/vg-map-inversion-new/main_aargau.m
Line: 8 Column: 17
Invalid text character. Check for unsupported symbol, invisible character, or
pasting of non-ASCII characters.
} 
