Period: 1.5

sigma_vec =

    0.0500    0.0600    0.0700    0.0800    0.0900


output_root =

    '/home/users/s/savardg/scratch/matlab-swant/data-riehen/run6_dcV3_g200m/vg-maps-new'


station_file =

    '/home/users/s/savardg/riehen/noisepy-nodes/stations_nodes_sed_noisepy.csv'


ans =

    'Grid origin (SW corner) lat,long: ( 47.4813, 7.5296 )
     Grid extent: 21.33 km by 20.20 km'


ans =

    'Number of stations inside grid: 231 (7 removed).'


ans =

    'Number of picks/ray paths: 8959'


output_folder =

    '/home/users/s/savardg/scratch/matlab-swant/data-riehen/run6_dcV3_g200m/vg-maps-new/inv_TV_rayleigh_sigma0.05_LC0.2'


output_fname =

    '/home/users/s/savardg/scratch/matlab-swant/data-riehen/run6_dcV3_g200m/vg-maps-new/inv_TV_rayleigh_sigma0.05_LC0.2/inv_TV_rayleigh_sigma0.05_LC0.2_T1.5.mat'


output_fig =

    '/home/users/s/savardg/scratch/matlab-swant/data-riehen/run6_dcV3_g200m/vg-maps-new/inv_TV_rayleigh_sigma0.05_LC0.2/inv_TV_rayleigh_sigma0.05_LC0.2_T1.5.png'

Launching inversion with sigma = 5.00e-02 LC=2.00e-01
Elapsed time is 242.339712 seconds.
[Warning: MATLAB has disabled some advanced graphics rendering features by
switching to software OpenGL. For more information, click <a
href="matlab:opengl('problems')">here</a>.] 

output_folder =

    '/home/users/s/savardg/scratch/matlab-swant/data-riehen/run6_dcV3_g200m/vg-maps-new/inv_TV_rayleigh_sigma0.06_LC0.2'


output_fname =

    '/home/users/s/savardg/scratch/matlab-swant/data-riehen/run6_dcV3_g200m/vg-maps-new/inv_TV_rayleigh_sigma0.06_LC0.2/inv_TV_rayleigh_sigma0.06_LC0.2_T1.5.mat'


output_fig =

    '/home/users/s/savardg/scratch/matlab-swant/data-riehen/run6_dcV3_g200m/vg-maps-new/inv_TV_rayleigh_sigma0.06_LC0.2/inv_TV_rayleigh_sigma0.06_LC0.2_T1.5.png'

Launching inversion with sigma = 6.00e-02 LC=2.00e-01
Elapsed time is 241.122908 seconds.

output_folder =

    '/home/users/s/savardg/scratch/matlab-swant/data-riehen/run6_dcV3_g200m/vg-maps-new/inv_TV_rayleigh_sigma0.07_LC0.2'


output_fname =

    '/home/users/s/savardg/scratch/matlab-swant/data-riehen/run6_dcV3_g200m/vg-maps-new/inv_TV_rayleigh_sigma0.07_LC0.2/inv_TV_rayleigh_sigma0.07_LC0.2_T1.5.mat'


output_fig =

    '/home/users/s/savardg/scratch/matlab-swant/data-riehen/run6_dcV3_g200m/vg-maps-new/inv_TV_rayleigh_sigma0.07_LC0.2/inv_TV_rayleigh_sigma0.07_LC0.2_T1.5.png'

Launching inversion with sigma = 7.00e-02 LC=2.00e-01
Elapsed time is 240.855260 seconds.

output_folder =

    '/home/users/s/savardg/scratch/matlab-swant/data-riehen/run6_dcV3_g200m/vg-maps-new/inv_TV_rayleigh_sigma0.08_LC0.2'


output_fname =

    '/home/users/s/savardg/scratch/matlab-swant/data-riehen/run6_dcV3_g200m/vg-maps-new/inv_TV_rayleigh_sigma0.08_LC0.2/inv_TV_rayleigh_sigma0.08_LC0.2_T1.5.mat'


output_fig =

    '/home/users/s/savardg/scratch/matlab-swant/data-riehen/run6_dcV3_g200m/vg-maps-new/inv_TV_rayleigh_sigma0.08_LC0.2/inv_TV_rayleigh_sigma0.08_LC0.2_T1.5.png'

Launching inversion with sigma = 8.00e-02 LC=2.00e-01
Elapsed time is 240.831615 seconds.

output_folder =

    '/home/users/s/savardg/scratch/matlab-swant/data-riehen/run6_dcV3_g200m/vg-maps-new/inv_TV_rayleigh_sigma0.09_LC0.2'


output_fname =

    '/home/users/s/savardg/scratch/matlab-swant/data-riehen/run6_dcV3_g200m/vg-maps-new/inv_TV_rayleigh_sigma0.09_LC0.2/inv_TV_rayleigh_sigma0.09_LC0.2_T1.5.mat'


output_fig =

    '/home/users/s/savardg/scratch/matlab-swant/data-riehen/run6_dcV3_g200m/vg-maps-new/inv_TV_rayleigh_sigma0.09_LC0.2/inv_TV_rayleigh_sigma0.09_LC0.2_T1.5.png'

Launching inversion with sigma = 9.00e-02 LC=2.00e-01
Elapsed time is 240.732924 seconds.

output_folder =

    '/home/users/s/savardg/scratch/matlab-swant/data-riehen/run6_dcV3_g200m/vg-maps-new/inv_TV_rayleigh_sigma0.05_LC0.5'


output_fname =

    '/home/users/s/savardg/scratch/matlab-swant/data-riehen/run6_dcV3_g200m/vg-maps-new/inv_TV_rayleigh_sigma0.05_LC0.5/inv_TV_rayleigh_sigma0.05_LC0.5_T1.5.mat'


output_fig =

    '/home/users/s/savardg/scratch/matlab-swant/data-riehen/run6_dcV3_g200m/vg-maps-new/inv_TV_rayleigh_sigma0.05_LC0.5/inv_TV_rayleigh_sigma0.05_LC0.5_T1.5.png'

Launching inversion with sigma = 5.00e-02 LC=5.00e-01
Elapsed time is 240.526785 seconds.

output_folder =

    '/home/users/s/savardg/scratch/matlab-swant/data-riehen/run6_dcV3_g200m/vg-maps-new/inv_TV_rayleigh_sigma0.06_LC0.5'


output_fname =

    '/home/users/s/savardg/scratch/matlab-swant/data-riehen/run6_dcV3_g200m/vg-maps-new/inv_TV_rayleigh_sigma0.06_LC0.5/inv_TV_rayleigh_sigma0.06_LC0.5_T1.5.mat'


output_fig =

    '/home/users/s/savardg/scratch/matlab-swant/data-riehen/run6_dcV3_g200m/vg-maps-new/inv_TV_rayleigh_sigma0.06_LC0.5/inv_TV_rayleigh_sigma0.06_LC0.5_T1.5.png'

Launching inversion with sigma = 6.00e-02 LC=5.00e-01
Elapsed time is 240.503376 seconds.

output_folder =

    '/home/users/s/savardg/scratch/matlab-swant/data-riehen/run6_dcV3_g200m/vg-maps-new/inv_TV_rayleigh_sigma0.07_LC0.5'


output_fname =

    '/home/users/s/savardg/scratch/matlab-swant/data-riehen/run6_dcV3_g200m/vg-maps-new/inv_TV_rayleigh_sigma0.07_LC0.5/inv_TV_rayleigh_sigma0.07_LC0.5_T1.5.mat'


output_fig =

    '/home/users/s/savardg/scratch/matlab-swant/data-riehen/run6_dcV3_g200m/vg-maps-new/inv_TV_rayleigh_sigma0.07_LC0.5/inv_TV_rayleigh_sigma0.07_LC0.5_T1.5.png'

Launching inversion with sigma = 7.00e-02 LC=5.00e-01
Elapsed time is 240.543787 seconds.

output_folder =

    '/home/users/s/savardg/scratch/matlab-swant/data-riehen/run6_dcV3_g200m/vg-maps-new/inv_TV_rayleigh_sigma0.08_LC0.5'


output_fname =

    '/home/users/s/savardg/scratch/matlab-swant/data-riehen/run6_dcV3_g200m/vg-maps-new/inv_TV_rayleigh_sigma0.08_LC0.5/inv_TV_rayleigh_sigma0.08_LC0.5_T1.5.mat'


output_fig =

    '/home/users/s/savardg/scratch/matlab-swant/data-riehen/run6_dcV3_g200m/vg-maps-new/inv_TV_rayleigh_sigma0.08_LC0.5/inv_TV_rayleigh_sigma0.08_LC0.5_T1.5.png'

Launching inversion with sigma = 8.00e-02 LC=5.00e-01
Elapsed time is 240.460688 seconds.

output_folder =

    '/home/users/s/savardg/scratch/matlab-swant/data-riehen/run6_dcV3_g200m/vg-maps-new/inv_TV_rayleigh_sigma0.09_LC0.5'


output_fname =

    '/home/users/s/savardg/scratch/matlab-swant/data-riehen/run6_dcV3_g200m/vg-maps-new/inv_TV_rayleigh_sigma0.09_LC0.5/inv_TV_rayleigh_sigma0.09_LC0.5_T1.5.mat'


output_fig =

    '/home/users/s/savardg/scratch/matlab-swant/data-riehen/run6_dcV3_g200m/vg-maps-new/inv_TV_rayleigh_sigma0.09_LC0.5/inv_TV_rayleigh_sigma0.09_LC0.5_T1.5.png'

Launching inversion with sigma = 9.00e-02 LC=5.00e-01
Elapsed time is 240.406594 seconds.

output_folder =

    '/home/users/s/savardg/scratch/matlab-swant/data-riehen/run6_dcV3_g200m/vg-maps-new/inv_TV_rayleigh_sigma0.05_LC1'


output_fname =

    '/home/users/s/savardg/scratch/matlab-swant/data-riehen/run6_dcV3_g200m/vg-maps-new/inv_TV_rayleigh_sigma0.05_LC1/inv_TV_rayleigh_sigma0.05_LC1_T1.5.mat'


output_fig =

    '/home/users/s/savardg/scratch/matlab-swant/data-riehen/run6_dcV3_g200m/vg-maps-new/inv_TV_rayleigh_sigma0.05_LC1/inv_TV_rayleigh_sigma0.05_LC1_T1.5.png'

Launching inversion with sigma = 5.00e-02 LC=1.00e+00
Elapsed time is 240.473795 seconds.

output_folder =

    '/home/users/s/savardg/scratch/matlab-swant/data-riehen/run6_dcV3_g200m/vg-maps-new/inv_TV_rayleigh_sigma0.06_LC1'


output_fname =

    '/home/users/s/savardg/scratch/matlab-swant/data-riehen/run6_dcV3_g200m/vg-maps-new/inv_TV_rayleigh_sigma0.06_LC1/inv_TV_rayleigh_sigma0.06_LC1_T1.5.mat'


output_fig =

    '/home/users/s/savardg/scratch/matlab-swant/data-riehen/run6_dcV3_g200m/vg-maps-new/inv_TV_rayleigh_sigma0.06_LC1/inv_TV_rayleigh_sigma0.06_LC1_T1.5.png'

Launching inversion with sigma = 6.00e-02 LC=1.00e+00
Elapsed time is 240.441963 seconds.

output_folder =

    '/home/users/s/savardg/scratch/matlab-swant/data-riehen/run6_dcV3_g200m/vg-maps-new/inv_TV_rayleigh_sigma0.07_LC1'


output_fname =

    '/home/users/s/savardg/scratch/matlab-swant/data-riehen/run6_dcV3_g200m/vg-maps-new/inv_TV_rayleigh_sigma0.07_LC1/inv_TV_rayleigh_sigma0.07_LC1_T1.5.mat'


output_fig =

    '/home/users/s/savardg/scratch/matlab-swant/data-riehen/run6_dcV3_g200m/vg-maps-new/inv_TV_rayleigh_sigma0.07_LC1/inv_TV_rayleigh_sigma0.07_LC1_T1.5.png'

Launching inversion with sigma = 7.00e-02 LC=1.00e+00
Elapsed time is 239.974526 seconds.

output_folder =

    '/home/users/s/savardg/scratch/matlab-swant/data-riehen/run6_dcV3_g200m/vg-maps-new/inv_TV_rayleigh_sigma0.08_LC1'


output_fname =

    '/home/users/s/savardg/scratch/matlab-swant/data-riehen/run6_dcV3_g200m/vg-maps-new/inv_TV_rayleigh_sigma0.08_LC1/inv_TV_rayleigh_sigma0.08_LC1_T1.5.mat'


output_fig =

    '/home/users/s/savardg/scratch/matlab-swant/data-riehen/run6_dcV3_g200m/vg-maps-new/inv_TV_rayleigh_sigma0.08_LC1/inv_TV_rayleigh_sigma0.08_LC1_T1.5.png'

Launching inversion with sigma = 8.00e-02 LC=1.00e+00
Elapsed time is 240.480593 seconds.

output_folder =

    '/home/users/s/savardg/scratch/matlab-swant/data-riehen/run6_dcV3_g200m/vg-maps-new/inv_TV_rayleigh_sigma0.09_LC1'


output_fname =

    '/home/users/s/savardg/scratch/matlab-swant/data-riehen/run6_dcV3_g200m/vg-maps-new/inv_TV_rayleigh_sigma0.09_LC1/inv_TV_rayleigh_sigma0.09_LC1_T1.5.mat'


output_fig =

    '/home/users/s/savardg/scratch/matlab-swant/data-riehen/run6_dcV3_g200m/vg-maps-new/inv_TV_rayleigh_sigma0.09_LC1/inv_TV_rayleigh_sigma0.09_LC1_T1.5.png'

Launching inversion with sigma = 9.00e-02 LC=1.00e+00
Elapsed time is 240.476662 seconds.

output_folder =

    '/home/users/s/savardg/scratch/matlab-swant/data-riehen/run6_dcV3_g200m/vg-maps-new/inv_TV_rayleigh_sigma0.05_LC1.5'


output_fname =

    '/home/users/s/savardg/scratch/matlab-swant/data-riehen/run6_dcV3_g200m/vg-maps-new/inv_TV_rayleigh_sigma0.05_LC1.5/inv_TV_rayleigh_sigma0.05_LC1.5_T1.5.mat'


output_fig =

    '/home/users/s/savardg/scratch/matlab-swant/data-riehen/run6_dcV3_g200m/vg-maps-new/inv_TV_rayleigh_sigma0.05_LC1.5/inv_TV_rayleigh_sigma0.05_LC1.5_T1.5.png'

Launching inversion with sigma = 5.00e-02 LC=1.50e+00
Elapsed time is 239.912285 seconds.

output_folder =

    '/home/users/s/savardg/scratch/matlab-swant/data-riehen/run6_dcV3_g200m/vg-maps-new/inv_TV_rayleigh_sigma0.06_LC1.5'


output_fname =

    '/home/users/s/savardg/scratch/matlab-swant/data-riehen/run6_dcV3_g200m/vg-maps-new/inv_TV_rayleigh_sigma0.06_LC1.5/inv_TV_rayleigh_sigma0.06_LC1.5_T1.5.mat'


output_fig =

    '/home/users/s/savardg/scratch/matlab-swant/data-riehen/run6_dcV3_g200m/vg-maps-new/inv_TV_rayleigh_sigma0.06_LC1.5/inv_TV_rayleigh_sigma0.06_LC1.5_T1.5.png'

Launching inversion with sigma = 6.00e-02 LC=1.50e+00
Elapsed time is 240.428754 seconds.

output_folder =

    '/home/users/s/savardg/scratch/matlab-swant/data-riehen/run6_dcV3_g200m/vg-maps-new/inv_TV_rayleigh_sigma0.07_LC1.5'


output_fname =

    '/home/users/s/savardg/scratch/matlab-swant/data-riehen/run6_dcV3_g200m/vg-maps-new/inv_TV_rayleigh_sigma0.07_LC1.5/inv_TV_rayleigh_sigma0.07_LC1.5_T1.5.mat'


output_fig =

    '/home/users/s/savardg/scratch/matlab-swant/data-riehen/run6_dcV3_g200m/vg-maps-new/inv_TV_rayleigh_sigma0.07_LC1.5/inv_TV_rayleigh_sigma0.07_LC1.5_T1.5.png'

Launching inversion with sigma = 7.00e-02 LC=1.50e+00
Elapsed time is 240.026210 seconds.

output_folder =

    '/home/users/s/savardg/scratch/matlab-swant/data-riehen/run6_dcV3_g200m/vg-maps-new/inv_TV_rayleigh_sigma0.08_LC1.5'


output_fname =

    '/home/users/s/savardg/scratch/matlab-swant/data-riehen/run6_dcV3_g200m/vg-maps-new/inv_TV_rayleigh_sigma0.08_LC1.5/inv_TV_rayleigh_sigma0.08_LC1.5_T1.5.mat'


output_fig =

    '/home/users/s/savardg/scratch/matlab-swant/data-riehen/run6_dcV3_g200m/vg-maps-new/inv_TV_rayleigh_sigma0.08_LC1.5/inv_TV_rayleigh_sigma0.08_LC1.5_T1.5.png'

Launching inversion with sigma = 8.00e-02 LC=1.50e+00
Elapsed time is 240.329182 seconds.

output_folder =

    '/home/users/s/savardg/scratch/matlab-swant/data-riehen/run6_dcV3_g200m/vg-maps-new/inv_TV_rayleigh_sigma0.09_LC1.5'


output_fname =

    '/home/users/s/savardg/scratch/matlab-swant/data-riehen/run6_dcV3_g200m/vg-maps-new/inv_TV_rayleigh_sigma0.09_LC1.5/inv_TV_rayleigh_sigma0.09_LC1.5_T1.5.mat'


output_fig =

    '/home/users/s/savardg/scratch/matlab-swant/data-riehen/run6_dcV3_g200m/vg-maps-new/inv_TV_rayleigh_sigma0.09_LC1.5/inv_TV_rayleigh_sigma0.09_LC1.5_T1.5.png'

Launching inversion with sigma = 9.00e-02 LC=1.50e+00
Elapsed time is 239.887146 seconds.

output_folder =

    '/home/users/s/savardg/scratch/matlab-swant/data-riehen/run6_dcV3_g200m/vg-maps-new/inv_TV_rayleigh_sigma0.05_LC2'


output_fname =

    '/home/users/s/savardg/scratch/matlab-swant/data-riehen/run6_dcV3_g200m/vg-maps-new/inv_TV_rayleigh_sigma0.05_LC2/inv_TV_rayleigh_sigma0.05_LC2_T1.5.mat'


output_fig =

    '/home/users/s/savardg/scratch/matlab-swant/data-riehen/run6_dcV3_g200m/vg-maps-new/inv_TV_rayleigh_sigma0.05_LC2/inv_TV_rayleigh_sigma0.05_LC2_T1.5.png'

Launching inversion with sigma = 5.00e-02 LC=2.00e+00
Elapsed time is 240.304670 seconds.

output_folder =

    '/home/users/s/savardg/scratch/matlab-swant/data-riehen/run6_dcV3_g200m/vg-maps-new/inv_TV_rayleigh_sigma0.06_LC2'


output_fname =

    '/home/users/s/savardg/scratch/matlab-swant/data-riehen/run6_dcV3_g200m/vg-maps-new/inv_TV_rayleigh_sigma0.06_LC2/inv_TV_rayleigh_sigma0.06_LC2_T1.5.mat'


output_fig =

    '/home/users/s/savardg/scratch/matlab-swant/data-riehen/run6_dcV3_g200m/vg-maps-new/inv_TV_rayleigh_sigma0.06_LC2/inv_TV_rayleigh_sigma0.06_LC2_T1.5.png'

Launching inversion with sigma = 6.00e-02 LC=2.00e+00
Elapsed time is 240.306715 seconds.

output_folder =

    '/home/users/s/savardg/scratch/matlab-swant/data-riehen/run6_dcV3_g200m/vg-maps-new/inv_TV_rayleigh_sigma0.07_LC2'


output_fname =

    '/home/users/s/savardg/scratch/matlab-swant/data-riehen/run6_dcV3_g200m/vg-maps-new/inv_TV_rayleigh_sigma0.07_LC2/inv_TV_rayleigh_sigma0.07_LC2_T1.5.mat'


output_fig =

    '/home/users/s/savardg/scratch/matlab-swant/data-riehen/run6_dcV3_g200m/vg-maps-new/inv_TV_rayleigh_sigma0.07_LC2/inv_TV_rayleigh_sigma0.07_LC2_T1.5.png'

Launching inversion with sigma = 7.00e-02 LC=2.00e+00
Elapsed time is 240.240624 seconds.

output_folder =

    '/home/users/s/savardg/scratch/matlab-swant/data-riehen/run6_dcV3_g200m/vg-maps-new/inv_TV_rayleigh_sigma0.08_LC2'


output_fname =

    '/home/users/s/savardg/scratch/matlab-swant/data-riehen/run6_dcV3_g200m/vg-maps-new/inv_TV_rayleigh_sigma0.08_LC2/inv_TV_rayleigh_sigma0.08_LC2_T1.5.mat'


output_fig =

    '/home/users/s/savardg/scratch/matlab-swant/data-riehen/run6_dcV3_g200m/vg-maps-new/inv_TV_rayleigh_sigma0.08_LC2/inv_TV_rayleigh_sigma0.08_LC2_T1.5.png'

Launching inversion with sigma = 8.00e-02 LC=2.00e+00
Elapsed time is 239.726160 seconds.

output_folder =

    '/home/users/s/savardg/scratch/matlab-swant/data-riehen/run6_dcV3_g200m/vg-maps-new/inv_TV_rayleigh_sigma0.09_LC2'


output_fname =

    '/home/users/s/savardg/scratch/matlab-swant/data-riehen/run6_dcV3_g200m/vg-maps-new/inv_TV_rayleigh_sigma0.09_LC2/inv_TV_rayleigh_sigma0.09_LC2_T1.5.mat'


output_fig =

    '/home/users/s/savardg/scratch/matlab-swant/data-riehen/run6_dcV3_g200m/vg-maps-new/inv_TV_rayleigh_sigma0.09_LC2/inv_TV_rayleigh_sigma0.09_LC2_T1.5.png'

Launching inversion with sigma = 9.00e-02 LC=2.00e+00
Elapsed time is 239.696343 seconds.

output_folder =

    '/home/users/s/savardg/scratch/matlab-swant/data-riehen/run6_dcV3_g200m/vg-maps-new/inv_TV_rayleigh_sigma0.05_LC5'


output_fname =

    '/home/users/s/savardg/scratch/matlab-swant/data-riehen/run6_dcV3_g200m/vg-maps-new/inv_TV_rayleigh_sigma0.05_LC5/inv_TV_rayleigh_sigma0.05_LC5_T1.5.mat'


output_fig =

    '/home/users/s/savardg/scratch/matlab-swant/data-riehen/run6_dcV3_g200m/vg-maps-new/inv_TV_rayleigh_sigma0.05_LC5/inv_TV_rayleigh_sigma0.05_LC5_T1.5.png'

Launching inversion with sigma = 5.00e-02 LC=5.00e+00
Elapsed time is 240.198650 seconds.

output_folder =

    '/home/users/s/savardg/scratch/matlab-swant/data-riehen/run6_dcV3_g200m/vg-maps-new/inv_TV_rayleigh_sigma0.06_LC5'


output_fname =

    '/home/users/s/savardg/scratch/matlab-swant/data-riehen/run6_dcV3_g200m/vg-maps-new/inv_TV_rayleigh_sigma0.06_LC5/inv_TV_rayleigh_sigma0.06_LC5_T1.5.mat'


output_fig =

    '/home/users/s/savardg/scratch/matlab-swant/data-riehen/run6_dcV3_g200m/vg-maps-new/inv_TV_rayleigh_sigma0.06_LC5/inv_TV_rayleigh_sigma0.06_LC5_T1.5.png'

Launching inversion with sigma = 6.00e-02 LC=5.00e+00
Elapsed time is 239.966867 seconds.

output_folder =

    '/home/users/s/savardg/scratch/matlab-swant/data-riehen/run6_dcV3_g200m/vg-maps-new/inv_TV_rayleigh_sigma0.07_LC5'


output_fname =

    '/home/users/s/savardg/scratch/matlab-swant/data-riehen/run6_dcV3_g200m/vg-maps-new/inv_TV_rayleigh_sigma0.07_LC5/inv_TV_rayleigh_sigma0.07_LC5_T1.5.mat'


output_fig =

    '/home/users/s/savardg/scratch/matlab-swant/data-riehen/run6_dcV3_g200m/vg-maps-new/inv_TV_rayleigh_sigma0.07_LC5/inv_TV_rayleigh_sigma0.07_LC5_T1.5.png'

Launching inversion with sigma = 7.00e-02 LC=5.00e+00
Elapsed time is 239.083686 seconds.

output_folder =

    '/home/users/s/savardg/scratch/matlab-swant/data-riehen/run6_dcV3_g200m/vg-maps-new/inv_TV_rayleigh_sigma0.08_LC5'


output_fname =

    '/home/users/s/savardg/scratch/matlab-swant/data-riehen/run6_dcV3_g200m/vg-maps-new/inv_TV_rayleigh_sigma0.08_LC5/inv_TV_rayleigh_sigma0.08_LC5_T1.5.mat'


output_fig =

    '/home/users/s/savardg/scratch/matlab-swant/data-riehen/run6_dcV3_g200m/vg-maps-new/inv_TV_rayleigh_sigma0.08_LC5/inv_TV_rayleigh_sigma0.08_LC5_T1.5.png'

Launching inversion with sigma = 8.00e-02 LC=5.00e+00
Elapsed time is 238.185041 seconds.

output_folder =

    '/home/users/s/savardg/scratch/matlab-swant/data-riehen/run6_dcV3_g200m/vg-maps-new/inv_TV_rayleigh_sigma0.09_LC5'


output_fname =

    '/home/users/s/savardg/scratch/matlab-swant/data-riehen/run6_dcV3_g200m/vg-maps-new/inv_TV_rayleigh_sigma0.09_LC5/inv_TV_rayleigh_sigma0.09_LC5_T1.5.mat'


output_fig =

    '/home/users/s/savardg/scratch/matlab-swant/data-riehen/run6_dcV3_g200m/vg-maps-new/inv_TV_rayleigh_sigma0.09_LC5/inv_TV_rayleigh_sigma0.09_LC5_T1.5.png'

Launching inversion with sigma = 9.00e-02 LC=5.00e+00
Elapsed time is 237.234265 seconds.
Done.Elapsed time is 7276.051818 seconds.
{Error: File:
/home/users/s/savardg/matlab-swant/scripts/vg-map-inversion-new/main_aargau.m
Line: 8 Column: 17
Invalid text character. Check for unsupported symbol, invisible character, or
pasting of non-ASCII characters.
} 
