Period: 5.6

sigma_vec =

    0.0500    0.0600    0.0700    0.0800    0.0900


output_root =

    '/home/users/s/savardg/scratch/matlab-swant/data-riehen/run6_dcV3_g200m/vg-maps-new'


station_file =

    '/home/users/s/savardg/riehen/noisepy-nodes/stations_nodes_sed_noisepy.csv'


ans =

    'Grid origin (SW corner) lat,long: ( 47.4813, 7.5296 )
     Grid extent: 21.33 km by 20.20 km'


ans =

    'Number of stations inside grid: 231 (7 removed).'


ans =

    'Number of picks/ray paths: 29'


output_folder =

    '/home/users/s/savardg/scratch/matlab-swant/data-riehen/run6_dcV3_g200m/vg-maps-new/inv_TV_rayleigh_sigma0.05_LC0.2'


output_fname =

    '/home/users/s/savardg/scratch/matlab-swant/data-riehen/run6_dcV3_g200m/vg-maps-new/inv_TV_rayleigh_sigma0.05_LC0.2/inv_TV_rayleigh_sigma0.05_LC0.2_T5.6.mat'


output_fig =

    '/home/users/s/savardg/scratch/matlab-swant/data-riehen/run6_dcV3_g200m/vg-maps-new/inv_TV_rayleigh_sigma0.05_LC0.2/inv_TV_rayleigh_sigma0.05_LC0.2_T5.6.png'

Launching inversion with sigma = 5.00e-02 LC=2.00e-01
Elapsed time is 108.641288 seconds.
[Warning: MATLAB has disabled some advanced graphics rendering features by
switching to software OpenGL. For more information, click <a
href="matlab:opengl('problems')">here</a>.] 

output_folder =

    '/home/users/s/savardg/scratch/matlab-swant/data-riehen/run6_dcV3_g200m/vg-maps-new/inv_TV_rayleigh_sigma0.06_LC0.2'


output_fname =

    '/home/users/s/savardg/scratch/matlab-swant/data-riehen/run6_dcV3_g200m/vg-maps-new/inv_TV_rayleigh_sigma0.06_LC0.2/inv_TV_rayleigh_sigma0.06_LC0.2_T5.6.mat'


output_fig =

    '/home/users/s/savardg/scratch/matlab-swant/data-riehen/run6_dcV3_g200m/vg-maps-new/inv_TV_rayleigh_sigma0.06_LC0.2/inv_TV_rayleigh_sigma0.06_LC0.2_T5.6.png'

Launching inversion with sigma = 6.00e-02 LC=2.00e-01
Elapsed time is 104.291793 seconds.

output_folder =

    '/home/users/s/savardg/scratch/matlab-swant/data-riehen/run6_dcV3_g200m/vg-maps-new/inv_TV_rayleigh_sigma0.07_LC0.2'


output_fname =

    '/home/users/s/savardg/scratch/matlab-swant/data-riehen/run6_dcV3_g200m/vg-maps-new/inv_TV_rayleigh_sigma0.07_LC0.2/inv_TV_rayleigh_sigma0.07_LC0.2_T5.6.mat'


output_fig =

    '/home/users/s/savardg/scratch/matlab-swant/data-riehen/run6_dcV3_g200m/vg-maps-new/inv_TV_rayleigh_sigma0.07_LC0.2/inv_TV_rayleigh_sigma0.07_LC0.2_T5.6.png'

Launching inversion with sigma = 7.00e-02 LC=2.00e-01
Elapsed time is 106.880039 seconds.

output_folder =

    '/home/users/s/savardg/scratch/matlab-swant/data-riehen/run6_dcV3_g200m/vg-maps-new/inv_TV_rayleigh_sigma0.08_LC0.2'


output_fname =

    '/home/users/s/savardg/scratch/matlab-swant/data-riehen/run6_dcV3_g200m/vg-maps-new/inv_TV_rayleigh_sigma0.08_LC0.2/inv_TV_rayleigh_sigma0.08_LC0.2_T5.6.mat'


output_fig =

    '/home/users/s/savardg/scratch/matlab-swant/data-riehen/run6_dcV3_g200m/vg-maps-new/inv_TV_rayleigh_sigma0.08_LC0.2/inv_TV_rayleigh_sigma0.08_LC0.2_T5.6.png'

Launching inversion with sigma = 8.00e-02 LC=2.00e-01
Elapsed time is 107.625228 seconds.

output_folder =

    '/home/users/s/savardg/scratch/matlab-swant/data-riehen/run6_dcV3_g200m/vg-maps-new/inv_TV_rayleigh_sigma0.09_LC0.2'


output_fname =

    '/home/users/s/savardg/scratch/matlab-swant/data-riehen/run6_dcV3_g200m/vg-maps-new/inv_TV_rayleigh_sigma0.09_LC0.2/inv_TV_rayleigh_sigma0.09_LC0.2_T5.6.mat'


output_fig =

    '/home/users/s/savardg/scratch/matlab-swant/data-riehen/run6_dcV3_g200m/vg-maps-new/inv_TV_rayleigh_sigma0.09_LC0.2/inv_TV_rayleigh_sigma0.09_LC0.2_T5.6.png'

Launching inversion with sigma = 9.00e-02 LC=2.00e-01
Elapsed time is 108.241314 seconds.

output_folder =

    '/home/users/s/savardg/scratch/matlab-swant/data-riehen/run6_dcV3_g200m/vg-maps-new/inv_TV_rayleigh_sigma0.05_LC0.5'


output_fname =

    '/home/users/s/savardg/scratch/matlab-swant/data-riehen/run6_dcV3_g200m/vg-maps-new/inv_TV_rayleigh_sigma0.05_LC0.5/inv_TV_rayleigh_sigma0.05_LC0.5_T5.6.mat'


output_fig =

    '/home/users/s/savardg/scratch/matlab-swant/data-riehen/run6_dcV3_g200m/vg-maps-new/inv_TV_rayleigh_sigma0.05_LC0.5/inv_TV_rayleigh_sigma0.05_LC0.5_T5.6.png'

Launching inversion with sigma = 5.00e-02 LC=5.00e-01
Elapsed time is 106.626456 seconds.

output_folder =

    '/home/users/s/savardg/scratch/matlab-swant/data-riehen/run6_dcV3_g200m/vg-maps-new/inv_TV_rayleigh_sigma0.06_LC0.5'


output_fname =

    '/home/users/s/savardg/scratch/matlab-swant/data-riehen/run6_dcV3_g200m/vg-maps-new/inv_TV_rayleigh_sigma0.06_LC0.5/inv_TV_rayleigh_sigma0.06_LC0.5_T5.6.mat'


output_fig =

    '/home/users/s/savardg/scratch/matlab-swant/data-riehen/run6_dcV3_g200m/vg-maps-new/inv_TV_rayleigh_sigma0.06_LC0.5/inv_TV_rayleigh_sigma0.06_LC0.5_T5.6.png'

Launching inversion with sigma = 6.00e-02 LC=5.00e-01
Elapsed time is 107.546644 seconds.

output_folder =

    '/home/users/s/savardg/scratch/matlab-swant/data-riehen/run6_dcV3_g200m/vg-maps-new/inv_TV_rayleigh_sigma0.07_LC0.5'


output_fname =

    '/home/users/s/savardg/scratch/matlab-swant/data-riehen/run6_dcV3_g200m/vg-maps-new/inv_TV_rayleigh_sigma0.07_LC0.5/inv_TV_rayleigh_sigma0.07_LC0.5_T5.6.mat'


output_fig =

    '/home/users/s/savardg/scratch/matlab-swant/data-riehen/run6_dcV3_g200m/vg-maps-new/inv_TV_rayleigh_sigma0.07_LC0.5/inv_TV_rayleigh_sigma0.07_LC0.5_T5.6.png'

Launching inversion with sigma = 7.00e-02 LC=5.00e-01
Elapsed time is 107.284277 seconds.

output_folder =

    '/home/users/s/savardg/scratch/matlab-swant/data-riehen/run6_dcV3_g200m/vg-maps-new/inv_TV_rayleigh_sigma0.08_LC0.5'


output_fname =

    '/home/users/s/savardg/scratch/matlab-swant/data-riehen/run6_dcV3_g200m/vg-maps-new/inv_TV_rayleigh_sigma0.08_LC0.5/inv_TV_rayleigh_sigma0.08_LC0.5_T5.6.mat'


output_fig =

    '/home/users/s/savardg/scratch/matlab-swant/data-riehen/run6_dcV3_g200m/vg-maps-new/inv_TV_rayleigh_sigma0.08_LC0.5/inv_TV_rayleigh_sigma0.08_LC0.5_T5.6.png'

Launching inversion with sigma = 8.00e-02 LC=5.00e-01
Elapsed time is 107.519970 seconds.

output_folder =

    '/home/users/s/savardg/scratch/matlab-swant/data-riehen/run6_dcV3_g200m/vg-maps-new/inv_TV_rayleigh_sigma0.09_LC0.5'


output_fname =

    '/home/users/s/savardg/scratch/matlab-swant/data-riehen/run6_dcV3_g200m/vg-maps-new/inv_TV_rayleigh_sigma0.09_LC0.5/inv_TV_rayleigh_sigma0.09_LC0.5_T5.6.mat'


output_fig =

    '/home/users/s/savardg/scratch/matlab-swant/data-riehen/run6_dcV3_g200m/vg-maps-new/inv_TV_rayleigh_sigma0.09_LC0.5/inv_TV_rayleigh_sigma0.09_LC0.5_T5.6.png'

Launching inversion with sigma = 9.00e-02 LC=5.00e-01
Elapsed time is 106.553355 seconds.

output_folder =

    '/home/users/s/savardg/scratch/matlab-swant/data-riehen/run6_dcV3_g200m/vg-maps-new/inv_TV_rayleigh_sigma0.05_LC1'


output_fname =

    '/home/users/s/savardg/scratch/matlab-swant/data-riehen/run6_dcV3_g200m/vg-maps-new/inv_TV_rayleigh_sigma0.05_LC1/inv_TV_rayleigh_sigma0.05_LC1_T5.6.mat'


output_fig =

    '/home/users/s/savardg/scratch/matlab-swant/data-riehen/run6_dcV3_g200m/vg-maps-new/inv_TV_rayleigh_sigma0.05_LC1/inv_TV_rayleigh_sigma0.05_LC1_T5.6.png'

Launching inversion with sigma = 5.00e-02 LC=1.00e+00
Elapsed time is 106.720038 seconds.

output_folder =

    '/home/users/s/savardg/scratch/matlab-swant/data-riehen/run6_dcV3_g200m/vg-maps-new/inv_TV_rayleigh_sigma0.06_LC1'


output_fname =

    '/home/users/s/savardg/scratch/matlab-swant/data-riehen/run6_dcV3_g200m/vg-maps-new/inv_TV_rayleigh_sigma0.06_LC1/inv_TV_rayleigh_sigma0.06_LC1_T5.6.mat'


output_fig =

    '/home/users/s/savardg/scratch/matlab-swant/data-riehen/run6_dcV3_g200m/vg-maps-new/inv_TV_rayleigh_sigma0.06_LC1/inv_TV_rayleigh_sigma0.06_LC1_T5.6.png'

Launching inversion with sigma = 6.00e-02 LC=1.00e+00
Elapsed time is 106.475731 seconds.

output_folder =

    '/home/users/s/savardg/scratch/matlab-swant/data-riehen/run6_dcV3_g200m/vg-maps-new/inv_TV_rayleigh_sigma0.07_LC1'


output_fname =

    '/home/users/s/savardg/scratch/matlab-swant/data-riehen/run6_dcV3_g200m/vg-maps-new/inv_TV_rayleigh_sigma0.07_LC1/inv_TV_rayleigh_sigma0.07_LC1_T5.6.mat'


output_fig =

    '/home/users/s/savardg/scratch/matlab-swant/data-riehen/run6_dcV3_g200m/vg-maps-new/inv_TV_rayleigh_sigma0.07_LC1/inv_TV_rayleigh_sigma0.07_LC1_T5.6.png'

Launching inversion with sigma = 7.00e-02 LC=1.00e+00
Elapsed time is 107.124256 seconds.

output_folder =

    '/home/users/s/savardg/scratch/matlab-swant/data-riehen/run6_dcV3_g200m/vg-maps-new/inv_TV_rayleigh_sigma0.08_LC1'


output_fname =

    '/home/users/s/savardg/scratch/matlab-swant/data-riehen/run6_dcV3_g200m/vg-maps-new/inv_TV_rayleigh_sigma0.08_LC1/inv_TV_rayleigh_sigma0.08_LC1_T5.6.mat'


output_fig =

    '/home/users/s/savardg/scratch/matlab-swant/data-riehen/run6_dcV3_g200m/vg-maps-new/inv_TV_rayleigh_sigma0.08_LC1/inv_TV_rayleigh_sigma0.08_LC1_T5.6.png'

Launching inversion with sigma = 8.00e-02 LC=1.00e+00
Elapsed time is 106.463282 seconds.

output_folder =

    '/home/users/s/savardg/scratch/matlab-swant/data-riehen/run6_dcV3_g200m/vg-maps-new/inv_TV_rayleigh_sigma0.09_LC1'


output_fname =

    '/home/users/s/savardg/scratch/matlab-swant/data-riehen/run6_dcV3_g200m/vg-maps-new/inv_TV_rayleigh_sigma0.09_LC1/inv_TV_rayleigh_sigma0.09_LC1_T5.6.mat'


output_fig =

    '/home/users/s/savardg/scratch/matlab-swant/data-riehen/run6_dcV3_g200m/vg-maps-new/inv_TV_rayleigh_sigma0.09_LC1/inv_TV_rayleigh_sigma0.09_LC1_T5.6.png'

Launching inversion with sigma = 9.00e-02 LC=1.00e+00
Elapsed time is 107.626990 seconds.

output_folder =

    '/home/users/s/savardg/scratch/matlab-swant/data-riehen/run6_dcV3_g200m/vg-maps-new/inv_TV_rayleigh_sigma0.05_LC1.5'


output_fname =

    '/home/users/s/savardg/scratch/matlab-swant/data-riehen/run6_dcV3_g200m/vg-maps-new/inv_TV_rayleigh_sigma0.05_LC1.5/inv_TV_rayleigh_sigma0.05_LC1.5_T5.6.mat'


output_fig =

    '/home/users/s/savardg/scratch/matlab-swant/data-riehen/run6_dcV3_g200m/vg-maps-new/inv_TV_rayleigh_sigma0.05_LC1.5/inv_TV_rayleigh_sigma0.05_LC1.5_T5.6.png'

Launching inversion with sigma = 5.00e-02 LC=1.50e+00
Elapsed time is 106.656229 seconds.

output_folder =

    '/home/users/s/savardg/scratch/matlab-swant/data-riehen/run6_dcV3_g200m/vg-maps-new/inv_TV_rayleigh_sigma0.06_LC1.5'


output_fname =

    '/home/users/s/savardg/scratch/matlab-swant/data-riehen/run6_dcV3_g200m/vg-maps-new/inv_TV_rayleigh_sigma0.06_LC1.5/inv_TV_rayleigh_sigma0.06_LC1.5_T5.6.mat'


output_fig =

    '/home/users/s/savardg/scratch/matlab-swant/data-riehen/run6_dcV3_g200m/vg-maps-new/inv_TV_rayleigh_sigma0.06_LC1.5/inv_TV_rayleigh_sigma0.06_LC1.5_T5.6.png'

Launching inversion with sigma = 6.00e-02 LC=1.50e+00
Elapsed time is 106.395653 seconds.

output_folder =

    '/home/users/s/savardg/scratch/matlab-swant/data-riehen/run6_dcV3_g200m/vg-maps-new/inv_TV_rayleigh_sigma0.07_LC1.5'


output_fname =

    '/home/users/s/savardg/scratch/matlab-swant/data-riehen/run6_dcV3_g200m/vg-maps-new/inv_TV_rayleigh_sigma0.07_LC1.5/inv_TV_rayleigh_sigma0.07_LC1.5_T5.6.mat'


output_fig =

    '/home/users/s/savardg/scratch/matlab-swant/data-riehen/run6_dcV3_g200m/vg-maps-new/inv_TV_rayleigh_sigma0.07_LC1.5/inv_TV_rayleigh_sigma0.07_LC1.5_T5.6.png'

Launching inversion with sigma = 7.00e-02 LC=1.50e+00
Elapsed time is 106.309852 seconds.

output_folder =

    '/home/users/s/savardg/scratch/matlab-swant/data-riehen/run6_dcV3_g200m/vg-maps-new/inv_TV_rayleigh_sigma0.08_LC1.5'


output_fname =

    '/home/users/s/savardg/scratch/matlab-swant/data-riehen/run6_dcV3_g200m/vg-maps-new/inv_TV_rayleigh_sigma0.08_LC1.5/inv_TV_rayleigh_sigma0.08_LC1.5_T5.6.mat'


output_fig =

    '/home/users/s/savardg/scratch/matlab-swant/data-riehen/run6_dcV3_g200m/vg-maps-new/inv_TV_rayleigh_sigma0.08_LC1.5/inv_TV_rayleigh_sigma0.08_LC1.5_T5.6.png'

Launching inversion with sigma = 8.00e-02 LC=1.50e+00
Elapsed time is 106.654477 seconds.

output_folder =

    '/home/users/s/savardg/scratch/matlab-swant/data-riehen/run6_dcV3_g200m/vg-maps-new/inv_TV_rayleigh_sigma0.09_LC1.5'


output_fname =

    '/home/users/s/savardg/scratch/matlab-swant/data-riehen/run6_dcV3_g200m/vg-maps-new/inv_TV_rayleigh_sigma0.09_LC1.5/inv_TV_rayleigh_sigma0.09_LC1.5_T5.6.mat'


output_fig =

    '/home/users/s/savardg/scratch/matlab-swant/data-riehen/run6_dcV3_g200m/vg-maps-new/inv_TV_rayleigh_sigma0.09_LC1.5/inv_TV_rayleigh_sigma0.09_LC1.5_T5.6.png'

Launching inversion with sigma = 9.00e-02 LC=1.50e+00
Elapsed time is 107.144053 seconds.

output_folder =

    '/home/users/s/savardg/scratch/matlab-swant/data-riehen/run6_dcV3_g200m/vg-maps-new/inv_TV_rayleigh_sigma0.05_LC2'


output_fname =

    '/home/users/s/savardg/scratch/matlab-swant/data-riehen/run6_dcV3_g200m/vg-maps-new/inv_TV_rayleigh_sigma0.05_LC2/inv_TV_rayleigh_sigma0.05_LC2_T5.6.mat'


output_fig =

    '/home/users/s/savardg/scratch/matlab-swant/data-riehen/run6_dcV3_g200m/vg-maps-new/inv_TV_rayleigh_sigma0.05_LC2/inv_TV_rayleigh_sigma0.05_LC2_T5.6.png'

Launching inversion with sigma = 5.00e-02 LC=2.00e+00
Elapsed time is 105.431715 seconds.

output_folder =

    '/home/users/s/savardg/scratch/matlab-swant/data-riehen/run6_dcV3_g200m/vg-maps-new/inv_TV_rayleigh_sigma0.06_LC2'


output_fname =

    '/home/users/s/savardg/scratch/matlab-swant/data-riehen/run6_dcV3_g200m/vg-maps-new/inv_TV_rayleigh_sigma0.06_LC2/inv_TV_rayleigh_sigma0.06_LC2_T5.6.mat'


output_fig =

    '/home/users/s/savardg/scratch/matlab-swant/data-riehen/run6_dcV3_g200m/vg-maps-new/inv_TV_rayleigh_sigma0.06_LC2/inv_TV_rayleigh_sigma0.06_LC2_T5.6.png'

Launching inversion with sigma = 6.00e-02 LC=2.00e+00
Elapsed time is 105.226995 seconds.

output_folder =

    '/home/users/s/savardg/scratch/matlab-swant/data-riehen/run6_dcV3_g200m/vg-maps-new/inv_TV_rayleigh_sigma0.07_LC2'


output_fname =

    '/home/users/s/savardg/scratch/matlab-swant/data-riehen/run6_dcV3_g200m/vg-maps-new/inv_TV_rayleigh_sigma0.07_LC2/inv_TV_rayleigh_sigma0.07_LC2_T5.6.mat'


output_fig =

    '/home/users/s/savardg/scratch/matlab-swant/data-riehen/run6_dcV3_g200m/vg-maps-new/inv_TV_rayleigh_sigma0.07_LC2/inv_TV_rayleigh_sigma0.07_LC2_T5.6.png'

Launching inversion with sigma = 7.00e-02 LC=2.00e+00
Elapsed time is 105.720682 seconds.

output_folder =

    '/home/users/s/savardg/scratch/matlab-swant/data-riehen/run6_dcV3_g200m/vg-maps-new/inv_TV_rayleigh_sigma0.08_LC2'


output_fname =

    '/home/users/s/savardg/scratch/matlab-swant/data-riehen/run6_dcV3_g200m/vg-maps-new/inv_TV_rayleigh_sigma0.08_LC2/inv_TV_rayleigh_sigma0.08_LC2_T5.6.mat'


output_fig =

    '/home/users/s/savardg/scratch/matlab-swant/data-riehen/run6_dcV3_g200m/vg-maps-new/inv_TV_rayleigh_sigma0.08_LC2/inv_TV_rayleigh_sigma0.08_LC2_T5.6.png'

Launching inversion with sigma = 8.00e-02 LC=2.00e+00
Elapsed time is 105.995174 seconds.

output_folder =

    '/home/users/s/savardg/scratch/matlab-swant/data-riehen/run6_dcV3_g200m/vg-maps-new/inv_TV_rayleigh_sigma0.09_LC2'


output_fname =

    '/home/users/s/savardg/scratch/matlab-swant/data-riehen/run6_dcV3_g200m/vg-maps-new/inv_TV_rayleigh_sigma0.09_LC2/inv_TV_rayleigh_sigma0.09_LC2_T5.6.mat'


output_fig =

    '/home/users/s/savardg/scratch/matlab-swant/data-riehen/run6_dcV3_g200m/vg-maps-new/inv_TV_rayleigh_sigma0.09_LC2/inv_TV_rayleigh_sigma0.09_LC2_T5.6.png'

Launching inversion with sigma = 9.00e-02 LC=2.00e+00
Elapsed time is 107.120477 seconds.

output_folder =

    '/home/users/s/savardg/scratch/matlab-swant/data-riehen/run6_dcV3_g200m/vg-maps-new/inv_TV_rayleigh_sigma0.05_LC5'


output_fname =

    '/home/users/s/savardg/scratch/matlab-swant/data-riehen/run6_dcV3_g200m/vg-maps-new/inv_TV_rayleigh_sigma0.05_LC5/inv_TV_rayleigh_sigma0.05_LC5_T5.6.mat'


output_fig =

    '/home/users/s/savardg/scratch/matlab-swant/data-riehen/run6_dcV3_g200m/vg-maps-new/inv_TV_rayleigh_sigma0.05_LC5/inv_TV_rayleigh_sigma0.05_LC5_T5.6.png'

Launching inversion with sigma = 5.00e-02 LC=5.00e+00
Elapsed time is 105.185578 seconds.

output_folder =

    '/home/users/s/savardg/scratch/matlab-swant/data-riehen/run6_dcV3_g200m/vg-maps-new/inv_TV_rayleigh_sigma0.06_LC5'


output_fname =

    '/home/users/s/savardg/scratch/matlab-swant/data-riehen/run6_dcV3_g200m/vg-maps-new/inv_TV_rayleigh_sigma0.06_LC5/inv_TV_rayleigh_sigma0.06_LC5_T5.6.mat'


output_fig =

    '/home/users/s/savardg/scratch/matlab-swant/data-riehen/run6_dcV3_g200m/vg-maps-new/inv_TV_rayleigh_sigma0.06_LC5/inv_TV_rayleigh_sigma0.06_LC5_T5.6.png'

Launching inversion with sigma = 6.00e-02 LC=5.00e+00
Elapsed time is 105.222845 seconds.

output_folder =

    '/home/users/s/savardg/scratch/matlab-swant/data-riehen/run6_dcV3_g200m/vg-maps-new/inv_TV_rayleigh_sigma0.07_LC5'


output_fname =

    '/home/users/s/savardg/scratch/matlab-swant/data-riehen/run6_dcV3_g200m/vg-maps-new/inv_TV_rayleigh_sigma0.07_LC5/inv_TV_rayleigh_sigma0.07_LC5_T5.6.mat'


output_fig =

    '/home/users/s/savardg/scratch/matlab-swant/data-riehen/run6_dcV3_g200m/vg-maps-new/inv_TV_rayleigh_sigma0.07_LC5/inv_TV_rayleigh_sigma0.07_LC5_T5.6.png'

Launching inversion with sigma = 7.00e-02 LC=5.00e+00
Elapsed time is 105.916219 seconds.

output_folder =

    '/home/users/s/savardg/scratch/matlab-swant/data-riehen/run6_dcV3_g200m/vg-maps-new/inv_TV_rayleigh_sigma0.08_LC5'


output_fname =

    '/home/users/s/savardg/scratch/matlab-swant/data-riehen/run6_dcV3_g200m/vg-maps-new/inv_TV_rayleigh_sigma0.08_LC5/inv_TV_rayleigh_sigma0.08_LC5_T5.6.mat'


output_fig =

    '/home/users/s/savardg/scratch/matlab-swant/data-riehen/run6_dcV3_g200m/vg-maps-new/inv_TV_rayleigh_sigma0.08_LC5/inv_TV_rayleigh_sigma0.08_LC5_T5.6.png'

Launching inversion with sigma = 8.00e-02 LC=5.00e+00
Elapsed time is 105.819586 seconds.

output_folder =

    '/home/users/s/savardg/scratch/matlab-swant/data-riehen/run6_dcV3_g200m/vg-maps-new/inv_TV_rayleigh_sigma0.09_LC5'


output_fname =

    '/home/users/s/savardg/scratch/matlab-swant/data-riehen/run6_dcV3_g200m/vg-maps-new/inv_TV_rayleigh_sigma0.09_LC5/inv_TV_rayleigh_sigma0.09_LC5_T5.6.mat'


output_fig =

    '/home/users/s/savardg/scratch/matlab-swant/data-riehen/run6_dcV3_g200m/vg-maps-new/inv_TV_rayleigh_sigma0.09_LC5/inv_TV_rayleigh_sigma0.09_LC5_T5.6.png'

Launching inversion with sigma = 9.00e-02 LC=5.00e+00
Elapsed time is 105.335696 seconds.
Done.Elapsed time is 3354.542539 seconds.
{Error: File:
/home/users/s/savardg/matlab-swant/scripts/vg-map-inversion-new/main_aargau.m
Line: 8 Column: 17
Invalid text character. Check for unsupported symbol, invisible character, or
pasting of non-ASCII characters.
} 
